This file contains any messages produced by compilers while
running configure, to aid debugging if configure makes a mistake.

It was created by ViennaRNA configure 2.2.5, which was
generated by GNU Autoconf 2.69.  Invocation command line was

  $ ./configure --prefix=/home/nsloat/swellix/bwbuild/viennabuild --without-kinfold --without-forester --without-kinwalker --without-perl --without-python --without-doc --without-doc-html --without-doc-pdf

## --------- ##
## Platform. ##
## --------- ##

hostname = boomer2.oscer.ou.edu
uname -m = x86_64
uname -r = 2.6.32-504.8.1.el6.x86_64
uname -s = Linux
uname -v = #1 SMP Wed Jan 28 21:11:36 UTC 2015

/usr/bin/uname -p = unknown
/bin/uname -X     = unknown

/bin/arch              = x86_64
/usr/bin/arch -k       = unknown
/usr/convex/getsysinfo = unknown
/usr/bin/hostinfo      = unknown
/bin/machine           = unknown
/usr/bin/oslevel       = unknown
/bin/universe          = unknown

PATH: /usr/lib64/qt-3.3/bin
PATH: /usr/bin
PATH: /lsf/7.0/linux2.6-glibc2.3-x86_64/etc
PATH: /lsf/7.0/linux2.6-glibc2.3-x86_64/bin
PATH: /usr/kerberos/sbin
PATH: /usr/kerberos/bin
PATH: /usr/local/bin
PATH: /bin
PATH: /usr/bin
PATH: /usr/local/sbin
PATH: /usr/sbin
PATH: /sbin
PATH: /opt/Wolfram/Mathematica/9.0.1/bin
PATH: .
PATH: /opt/dell/srvadmin/bin
PATH: /home/nsloat/bin


## ----------- ##
## Core tests. ##
## ----------- ##

configure:2743: checking whether make supports nested variables
configure:2760: result: yes
configure:2787: checking for a BSD-compatible install
configure:2855: result: /usr/bin/install -c
configure:2866: checking whether build environment is sane
configure:2921: result: yes
configure:3072: checking for a thread-safe mkdir -p
configure:3111: result: /bin/mkdir -p
configure:3118: checking for gawk
configure:3134: found /usr/bin/gawk
configure:3145: result: gawk
configure:3156: checking whether make sets $(MAKE)
configure:3178: result: yes
configure:3315: checking if malloc debugging is wanted
configure:3333: result: no
configure:3346: checking build system type
configure:3360: result: x86_64-unknown-linux-gnu
configure:3380: checking host system type
configure:3393: result: x86_64-unknown-linux-gnu
configure:3472: checking for g++
configure:3488: found /usr/bin/g++
configure:3499: result: g++
configure:3526: checking for C++ compiler version
configure:3535: g++ --version >&5
g++ (GCC) 4.4.7 20120313 (Red Hat 4.4.7-11)
Copyright (C) 2010 Free Software Foundation, Inc.
This is free software; see the source for copying conditions.  There is NO
warranty; not even for MERCHANTABILITY or FITNESS FOR A PARTICULAR PURPOSE.

configure:3546: $? = 0
configure:3535: g++ -v >&5
Using built-in specs.
Target: x86_64-redhat-linux
Configured with: ../configure --prefix=/usr --mandir=/usr/share/man --infodir=/usr/share/info --with-bugurl=http://bugzilla.redhat.com/bugzilla --enable-bootstrap --enable-shared --enable-threads=posix --enable-checking=release --with-system-zlib --enable-__cxa_atexit --disable-libunwind-exceptions --enable-gnu-unique-object --enable-languages=c,c++,objc,obj-c++,java,fortran,ada --enable-java-awt=gtk --disable-dssi --with-java-home=/usr/lib/jvm/java-1.5.0-gcj-1.5.0.0/jre --enable-libgcj-multifile --enable-java-maintainer-mode --with-ecj-jar=/usr/share/java/eclipse-ecj.jar --disable-libjava-multilib --with-ppl --with-cloog --with-tune=generic --with-arch_32=i686 --build=x86_64-redhat-linux
Thread model: posix
gcc version 4.4.7 20120313 (Red Hat 4.4.7-11) (GCC) 
configure:3546: $? = 0
configure:3535: g++ -V >&5
g++: '-V' option must have argument
configure:3546: $? = 1
configure:3535: g++ -qversion >&5
g++: unrecognized option '-qversion'
g++: no input files
configure:3546: $? = 1
configure:3566: checking whether the C++ compiler works
configure:3588: g++    conftest.cpp  >&5
configure:3592: $? = 0
configure:3640: result: yes
configure:3643: checking for C++ compiler default output file name
configure:3645: result: a.out
configure:3651: checking for suffix of executables
configure:3658: g++ -o conftest    conftest.cpp  >&5
configure:3662: $? = 0
configure:3684: result: 
configure:3706: checking whether we are cross compiling
configure:3714: g++ -o conftest    conftest.cpp  >&5
configure:3718: $? = 0
configure:3725: ./conftest
configure:3729: $? = 0
configure:3744: result: no
configure:3749: checking for suffix of object files
configure:3771: g++ -c   conftest.cpp >&5
configure:3775: $? = 0
configure:3796: result: o
configure:3800: checking whether we are using the GNU C++ compiler
configure:3819: g++ -c   conftest.cpp >&5
configure:3819: $? = 0
configure:3828: result: yes
configure:3837: checking whether g++ accepts -g
configure:3857: g++ -c -g  conftest.cpp >&5
configure:3857: $? = 0
configure:3898: result: yes
configure:3932: checking for style of include used by make
configure:3960: result: GNU
configure:3986: checking dependency style of g++
configure:4097: result: gcc3
configure:4117: checking how to run the C++ preprocessor
configure:4144: g++ -E  conftest.cpp
configure:4144: $? = 0
configure:4158: g++ -E  conftest.cpp
conftest.cpp:11:28: error: ac_nonexistent.h: No such file or directory
configure:4158: $? = 1
configure: failed program was:
| /* confdefs.h */
| #define PACKAGE_NAME "ViennaRNA"
| #define PACKAGE_TARNAME "ViennaRNA"
| #define PACKAGE_VERSION "2.2.5"
| #define PACKAGE_STRING "ViennaRNA 2.2.5"
| #define PACKAGE_BUGREPORT "rna@tbi.univie.ac.at"
| #define PACKAGE_URL "http://www.tbi.univie.ac.at/RNA"
| #define PACKAGE "ViennaRNA"
| #define VERSION "2.2.5"
| /* end confdefs.h.  */
| #include <ac_nonexistent.h>
configure:4183: result: g++ -E
configure:4203: g++ -E  conftest.cpp
configure:4203: $? = 0
configure:4217: g++ -E  conftest.cpp
conftest.cpp:11:28: error: ac_nonexistent.h: No such file or directory
configure:4217: $? = 1
configure: failed program was:
| /* confdefs.h */
| #define PACKAGE_NAME "ViennaRNA"
| #define PACKAGE_TARNAME "ViennaRNA"
| #define PACKAGE_VERSION "2.2.5"
| #define PACKAGE_STRING "ViennaRNA 2.2.5"
| #define PACKAGE_BUGREPORT "rna@tbi.univie.ac.at"
| #define PACKAGE_URL "http://www.tbi.univie.ac.at/RNA"
| #define PACKAGE "ViennaRNA"
| #define VERSION "2.2.5"
| /* end confdefs.h.  */
| #include <ac_nonexistent.h>
configure:4293: checking for gcc
configure:4309: found /usr/bin/gcc
configure:4320: result: gcc
configure:4549: checking for C compiler version
configure:4558: gcc --version >&5
gcc (GCC) 4.4.7 20120313 (Red Hat 4.4.7-11)
Copyright (C) 2010 Free Software Foundation, Inc.
This is free software; see the source for copying conditions.  There is NO
warranty; not even for MERCHANTABILITY or FITNESS FOR A PARTICULAR PURPOSE.

configure:4569: $? = 0
configure:4558: gcc -v >&5
Using built-in specs.
Target: x86_64-redhat-linux
Configured with: ../configure --prefix=/usr --mandir=/usr/share/man --infodir=/usr/share/info --with-bugurl=http://bugzilla.redhat.com/bugzilla --enable-bootstrap --enable-shared --enable-threads=posix --enable-checking=release --with-system-zlib --enable-__cxa_atexit --disable-libunwind-exceptions --enable-gnu-unique-object --enable-languages=c,c++,objc,obj-c++,java,fortran,ada --enable-java-awt=gtk --disable-dssi --with-java-home=/usr/lib/jvm/java-1.5.0-gcj-1.5.0.0/jre --enable-libgcj-multifile --enable-java-maintainer-mode --with-ecj-jar=/usr/share/java/eclipse-ecj.jar --disable-libjava-multilib --with-ppl --with-cloog --with-tune=generic --with-arch_32=i686 --build=x86_64-redhat-linux
Thread model: posix
gcc version 4.4.7 20120313 (Red Hat 4.4.7-11) (GCC) 
configure:4569: $? = 0
configure:4558: gcc -V >&5
gcc: '-V' option must have argument
configure:4569: $? = 1
configure:4558: gcc -qversion >&5
gcc: unrecognized option '-qversion'
gcc: no input files
configure:4569: $? = 1
configure:4573: checking whether we are using the GNU C compiler
configure:4592: gcc -c   conftest.c >&5
configure:4592: $? = 0
configure:4601: result: yes
configure:4610: checking whether gcc accepts -g
configure:4630: gcc -c -g  conftest.c >&5
configure:4630: $? = 0
configure:4671: result: yes
configure:4688: checking for gcc option to accept ISO C89
configure:4751: gcc  -c -g -O2  conftest.c >&5
configure:4751: $? = 0
configure:4764: result: none needed
configure:4789: checking whether gcc understands -c and -o together
configure:4811: gcc -c conftest.c -o conftest2.o
configure:4814: $? = 0
configure:4811: gcc -c conftest.c -o conftest2.o
configure:4814: $? = 0
configure:4826: result: yes
configure:4845: checking dependency style of gcc
configure:4956: result: gcc3
configure:4976: checking how to run the C preprocessor
configure:5007: gcc -E  conftest.c
configure:5007: $? = 0
configure:5021: gcc -E  conftest.c
conftest.c:11:28: error: ac_nonexistent.h: No such file or directory
configure:5021: $? = 1
configure: failed program was:
| /* confdefs.h */
| #define PACKAGE_NAME "ViennaRNA"
| #define PACKAGE_TARNAME "ViennaRNA"
| #define PACKAGE_VERSION "2.2.5"
| #define PACKAGE_STRING "ViennaRNA 2.2.5"
| #define PACKAGE_BUGREPORT "rna@tbi.univie.ac.at"
| #define PACKAGE_URL "http://www.tbi.univie.ac.at/RNA"
| #define PACKAGE "ViennaRNA"
| #define VERSION "2.2.5"
| /* end confdefs.h.  */
| #include <ac_nonexistent.h>
configure:5046: result: gcc -E
configure:5066: gcc -E  conftest.c
configure:5066: $? = 0
configure:5080: gcc -E  conftest.c
conftest.c:11:28: error: ac_nonexistent.h: No such file or directory
configure:5080: $? = 1
configure: failed program was:
| /* confdefs.h */
| #define PACKAGE_NAME "ViennaRNA"
| #define PACKAGE_TARNAME "ViennaRNA"
| #define PACKAGE_VERSION "2.2.5"
| #define PACKAGE_STRING "ViennaRNA 2.2.5"
| #define PACKAGE_BUGREPORT "rna@tbi.univie.ac.at"
| #define PACKAGE_URL "http://www.tbi.univie.ac.at/RNA"
| #define PACKAGE "ViennaRNA"
| #define VERSION "2.2.5"
| /* end confdefs.h.  */
| #include <ac_nonexistent.h>
configure:5170: checking for ar
configure:5186: found /usr/bin/ar
configure:5197: result: ar
configure:5223: checking the archiver (ar) interface
configure:5239: gcc -c -g -O2  conftest.c >&5
configure:5239: $? = 0
configure:5241: ar cru libconftest.a conftest.o >&5
configure:5244: $? = 0
configure:5272: result: ar
configure:5292: checking whether make sets $(MAKE)
configure:5314: result: yes
configure:5323: checking for grep that handles long lines and -e
configure:5381: result: /bin/grep
configure:5388: checking for a sed that does not truncate output
configure:5452: result: /bin/sed
configure:5457: checking whether ln -s works
configure:5461: result: yes
configure:5515: checking how to print strings
configure:5542: result: printf
configure:5563: checking for a sed that does not truncate output
configure:5627: result: /bin/sed
configure:5645: checking for egrep
configure:5707: result: /bin/grep -E
configure:5712: checking for fgrep
configure:5774: result: /bin/grep -F
configure:5809: checking for ld used by gcc
configure:5876: result: /usr/bin/ld
configure:5883: checking if the linker (/usr/bin/ld) is GNU ld
configure:5898: result: yes
configure:5910: checking for BSD- or MS-compatible name lister (nm)
configure:5964: result: /usr/bin/nm -B
configure:6094: checking the name lister (/usr/bin/nm -B) interface
configure:6101: gcc -c -g -O2  conftest.c >&5
configure:6104: /usr/bin/nm -B "conftest.o"
configure:6107: output
0000000000000000 B some_variable
configure:6114: result: BSD nm
configure:6118: checking the maximum length of command line arguments
configure:6249: result: 1966080
configure:6297: checking how to convert x86_64-unknown-linux-gnu file names to x86_64-unknown-linux-gnu format
configure:6337: result: func_convert_file_noop
configure:6344: checking how to convert x86_64-unknown-linux-gnu file names to toolchain format
configure:6364: result: func_convert_file_noop
configure:6371: checking for /usr/bin/ld option to reload object files
configure:6378: result: -r
configure:6452: checking for objdump
configure:6468: found /usr/bin/objdump
configure:6479: result: objdump
configure:6511: checking how to recognize dependent libraries
configure:6711: result: pass_all
configure:6796: checking for dlltool
configure:6826: result: no
configure:6856: checking how to associate runtime and link libraries
configure:6883: result: printf %s\n
configure:7007: checking for archiver @FILE support
configure:7024: gcc -c -g -O2  conftest.c >&5
configure:7024: $? = 0
configure:7027: ar cru libconftest.a @conftest.lst >&5
configure:7030: $? = 0
configure:7035: ar cru libconftest.a @conftest.lst >&5
ar: conftest.o: No such file or directory
configure:7038: $? = 1
configure:7050: result: @
configure:7108: checking for strip
configure:7124: found /usr/bin/strip
configure:7135: result: strip
configure:7207: checking for ranlib
configure:7223: found /usr/bin/ranlib
configure:7234: result: ranlib
configure:7336: checking command to parse /usr/bin/nm -B output from gcc object
configure:7489: gcc -c -g -O2  conftest.c >&5
configure:7492: $? = 0
configure:7496: /usr/bin/nm -B conftest.o \| sed -n -e 's/^.*[ ]\([ABCDGIRSTW][ABCDGIRSTW]*\)[ ][ ]*\([_A-Za-z][_A-Za-z0-9]*\)$/\1 \2 \2/p' | sed '/ __gnu_lto/d' \> conftest.nm
configure:7499: $? = 0
configure:7565: gcc -o conftest -g -O2   conftest.c conftstm.o >&5
configure:7568: $? = 0
configure:7606: result: ok
configure:7653: checking for sysroot
configure:7683: result: no
configure:7690: checking for a working dd
configure:7728: result: /bin/dd
configure:7732: checking how to truncate binary pipes
configure:7747: result: /bin/dd bs=4096 count=1
configure:7883: gcc -c -g -O2  conftest.c >&5
configure:7886: $? = 0
configure:8076: checking for mt
configure:8106: result: no
configure:8126: checking if : is a manifest tool
configure:8132: : '-?'
configure:8140: result: no
configure:8813: checking for ANSI C header files
configure:8833: gcc -c -g -O2  conftest.c >&5
configure:8833: $? = 0
configure:8906: gcc -o conftest -g -O2   conftest.c  >&5
configure:8906: $? = 0
configure:8906: ./conftest
configure:8906: $? = 0
configure:8917: result: yes
configure:8930: checking for sys/types.h
configure:8930: gcc -c -g -O2  conftest.c >&5
configure:8930: $? = 0
configure:8930: result: yes
configure:8930: checking for sys/stat.h
configure:8930: gcc -c -g -O2  conftest.c >&5
configure:8930: $? = 0
configure:8930: result: yes
configure:8930: checking for stdlib.h
configure:8930: gcc -c -g -O2  conftest.c >&5
configure:8930: $? = 0
configure:8930: result: yes
configure:8930: checking for string.h
configure:8930: gcc -c -g -O2  conftest.c >&5
configure:8930: $? = 0
configure:8930: result: yes
configure:8930: checking for memory.h
configure:8930: gcc -c -g -O2  conftest.c >&5
configure:8930: $? = 0
configure:8930: result: yes
configure:8930: checking for strings.h
configure:8930: gcc -c -g -O2  conftest.c >&5
configure:8930: $? = 0
configure:8930: result: yes
configure:8930: checking for inttypes.h
configure:8930: gcc -c -g -O2  conftest.c >&5
configure:8930: $? = 0
configure:8930: result: yes
configure:8930: checking for stdint.h
configure:8930: gcc -c -g -O2  conftest.c >&5
configure:8930: $? = 0
configure:8930: result: yes
configure:8930: checking for unistd.h
configure:8930: gcc -c -g -O2  conftest.c >&5
configure:8930: $? = 0
configure:8930: result: yes
configure:8944: checking for dlfcn.h
configure:8944: gcc -c -g -O2  conftest.c >&5
configure:8944: $? = 0
configure:8944: result: yes
configure:9211: checking for objdir
configure:9226: result: .libs
configure:9490: checking if gcc supports -fno-rtti -fno-exceptions
configure:9508: gcc -c -g -O2  -fno-rtti -fno-exceptions conftest.c >&5
cc1: warning: command line option "-fno-rtti" is valid for C++/ObjC++ but not for C
configure:9512: $? = 0
configure:9525: result: no
configure:9883: checking for gcc option to produce PIC
configure:9890: result: -fPIC -DPIC
configure:9898: checking if gcc PIC flag -fPIC -DPIC works
configure:9916: gcc -c -g -O2  -fPIC -DPIC -DPIC conftest.c >&5
configure:9920: $? = 0
configure:9933: result: yes
configure:9962: checking if gcc static flag -static works
configure:9990: result: yes
configure:10005: checking if gcc supports -c -o file.o
configure:10026: gcc -c -g -O2  -o out/conftest2.o conftest.c >&5
configure:10030: $? = 0
configure:10052: result: yes
configure:10060: checking if gcc supports -c -o file.o
configure:10107: result: yes
configure:10140: checking whether the gcc linker (/usr/bin/ld -m elf_x86_64) supports shared libraries
configure:11399: result: yes
configure:11436: checking whether -lc should be explicitly linked in
configure:11444: gcc -c -g -O2  conftest.c >&5
configure:11447: $? = 0
configure:11462: gcc -shared  -fPIC -DPIC conftest.o  -v -Wl,-soname -Wl,conftest -o conftest 2\>\&1 \| /bin/grep  -lc  \>/dev/null 2\>\&1
configure:11465: $? = 0
configure:11479: result: no
configure:11639: checking dynamic linker characteristics
configure:12220: gcc -o conftest -g -O2   -Wl,-rpath -Wl,/foo conftest.c  >&5
configure:12220: $? = 0
configure:12457: result: GNU/Linux ld.so
configure:12579: checking how to hardcode library paths into programs
configure:12604: result: immediate
configure:13152: checking whether stripping libraries is possible
configure:13157: result: yes
configure:13192: checking if libtool supports shared libraries
configure:13194: result: yes
configure:13197: checking whether to build shared libraries
configure:13222: result: yes
configure:13225: checking whether to build static libraries
configure:13229: result: yes
configure:13252: checking how to run the C++ preprocessor
configure:13318: result: g++ -E
configure:13338: g++ -E  conftest.cpp
configure:13338: $? = 0
configure:13352: g++ -E  conftest.cpp
conftest.cpp:24:28: error: ac_nonexistent.h: No such file or directory
configure:13352: $? = 1
configure: failed program was:
| /* confdefs.h */
| #define PACKAGE_NAME "ViennaRNA"
| #define PACKAGE_TARNAME "ViennaRNA"
| #define PACKAGE_VERSION "2.2.5"
| #define PACKAGE_STRING "ViennaRNA 2.2.5"
| #define PACKAGE_BUGREPORT "rna@tbi.univie.ac.at"
| #define PACKAGE_URL "http://www.tbi.univie.ac.at/RNA"
| #define PACKAGE "ViennaRNA"
| #define VERSION "2.2.5"
| #define UNUSED __attribute__ ((unused))
| #define STDC_HEADERS 1
| #define HAVE_SYS_TYPES_H 1
| #define HAVE_SYS_STAT_H 1
| #define HAVE_STDLIB_H 1
| #define HAVE_STRING_H 1
| #define HAVE_MEMORY_H 1
| #define HAVE_STRINGS_H 1
| #define HAVE_INTTYPES_H 1
| #define HAVE_STDINT_H 1
| #define HAVE_UNISTD_H 1
| #define HAVE_DLFCN_H 1
| #define LT_OBJDIR ".libs/"
| /* end confdefs.h.  */
| #include <ac_nonexistent.h>
configure:13514: checking for ld used by g++
configure:13581: result: /usr/bin/ld -m elf_x86_64
configure:13588: checking if the linker (/usr/bin/ld -m elf_x86_64) is GNU ld
configure:13603: result: yes
configure:13658: checking whether the g++ linker (/usr/bin/ld -m elf_x86_64) supports shared libraries
configure:14731: result: yes
configure:14767: g++ -c -g -O2  conftest.cpp >&5
configure:14770: $? = 0
configure:15251: checking for g++ option to produce PIC
configure:15258: result: -fPIC -DPIC
configure:15266: checking if g++ PIC flag -fPIC -DPIC works
configure:15284: g++ -c -g -O2  -fPIC -DPIC -DPIC conftest.cpp >&5
configure:15288: $? = 0
configure:15301: result: yes
configure:15324: checking if g++ static flag -static works
configure:15352: result: yes
configure:15364: checking if g++ supports -c -o file.o
configure:15385: g++ -c -g -O2  -o out/conftest2.o conftest.cpp >&5
configure:15389: $? = 0
configure:15411: result: yes
configure:15416: checking if g++ supports -c -o file.o
configure:15463: result: yes
configure:15493: checking whether the g++ linker (/usr/bin/ld -m elf_x86_64) supports shared libraries
configure:15533: result: yes
configure:15674: checking dynamic linker characteristics
configure:16419: result: GNU/Linux ld.so
configure:16484: checking how to hardcode library paths into programs
configure:16509: result: immediate
configure:16582: checking for gcc option to support OpenMP
configure:16597: gcc -o conftest -g -O2   conftest.c  >&5
conftest.c:26: error: expected '=', ',', ';', 'asm' or '__attribute__' before 'me'
In file included from conftest.c:28:
/usr/lib/gcc/x86_64-redhat-linux/4.4.7/include/omp.h:76: error: expected ')' before '*' token
/usr/lib/gcc/x86_64-redhat-linux/4.4.7/include/omp.h:77: error: expected ')' before '*' token
/usr/lib/gcc/x86_64-redhat-linux/4.4.7/include/omp.h:78: error: expected ')' before '*' token
/usr/lib/gcc/x86_64-redhat-linux/4.4.7/include/omp.h:79: error: expected ')' before '*' token
/usr/lib/gcc/x86_64-redhat-linux/4.4.7/include/omp.h:80: error: expected ')' before '*' token
configure:16597: $? = 1
configure: failed program was:
| /* confdefs.h */
| #define PACKAGE_NAME "ViennaRNA"
| #define PACKAGE_TARNAME "ViennaRNA"
| #define PACKAGE_VERSION "2.2.5"
| #define PACKAGE_STRING "ViennaRNA 2.2.5"
| #define PACKAGE_BUGREPORT "rna@tbi.univie.ac.at"
| #define PACKAGE_URL "http://www.tbi.univie.ac.at/RNA"
| #define PACKAGE "ViennaRNA"
| #define VERSION "2.2.5"
| #define UNUSED __attribute__ ((unused))
| #define STDC_HEADERS 1
| #define HAVE_SYS_TYPES_H 1
| #define HAVE_SYS_STAT_H 1
| #define HAVE_STDLIB_H 1
| #define HAVE_STRING_H 1
| #define HAVE_MEMORY_H 1
| #define HAVE_STRINGS_H 1
| #define HAVE_INTTYPES_H 1
| #define HAVE_STDINT_H 1
| #define HAVE_UNISTD_H 1
| #define HAVE_DLFCN_H 1
| #define LT_OBJDIR ".libs/"
| /* end confdefs.h.  */
| 
| #ifndef _OPENMP
|  choke me
| #endif
| #include <omp.h>
| int main () { return omp_get_num_threads (); }
| 
configure:16615: gcc -o conftest -g -O2 -fopenmp   conftest.c  >&5
configure:16615: $? = 0
configure:16629: result: -fopenmp
configure:16642: checking for exp in -lm
configure:16667: gcc -o conftest -g -O2   conftest.c -lm   >&5
conftest.c:31: warning: conflicting types for built-in function 'exp'
configure:16667: $? = 0
configure:16676: result: yes
configure:16688: checking for ANSI C header files
configure:16792: result: yes
configure:16800: checking for stdbool.h that conforms to C99
configure:16867: gcc -c -g -O2  conftest.c >&5
configure:16867: $? = 0
configure:16874: result: yes
configure:16876: checking for _Bool
configure:16876: gcc -c -g -O2  conftest.c >&5
configure:16876: $? = 0
configure:16876: gcc -c -g -O2  conftest.c >&5
conftest.c: In function 'main':
conftest.c:62: error: expected expression before ')' token
configure:16876: $? = 1
configure: failed program was:
| /* confdefs.h */
| #define PACKAGE_NAME "ViennaRNA"
| #define PACKAGE_TARNAME "ViennaRNA"
| #define PACKAGE_VERSION "2.2.5"
| #define PACKAGE_STRING "ViennaRNA 2.2.5"
| #define PACKAGE_BUGREPORT "rna@tbi.univie.ac.at"
| #define PACKAGE_URL "http://www.tbi.univie.ac.at/RNA"
| #define PACKAGE "ViennaRNA"
| #define VERSION "2.2.5"
| #define UNUSED __attribute__ ((unused))
| #define STDC_HEADERS 1
| #define HAVE_SYS_TYPES_H 1
| #define HAVE_SYS_STAT_H 1
| #define HAVE_STDLIB_H 1
| #define HAVE_STRING_H 1
| #define HAVE_MEMORY_H 1
| #define HAVE_STRINGS_H 1
| #define HAVE_INTTYPES_H 1
| #define HAVE_STDINT_H 1
| #define HAVE_UNISTD_H 1
| #define HAVE_DLFCN_H 1
| #define LT_OBJDIR ".libs/"
| #define HAVE_LIBM 1
| #define STDC_HEADERS 1
| /* end confdefs.h.  */
| #include <stdio.h>
| #ifdef HAVE_SYS_TYPES_H
| # include <sys/types.h>
| #endif
| #ifdef HAVE_SYS_STAT_H
| # include <sys/stat.h>
| #endif
| #ifdef STDC_HEADERS
| # include <stdlib.h>
| # include <stddef.h>
| #else
| # ifdef HAVE_STDLIB_H
| #  include <stdlib.h>
| # endif
| #endif
| #ifdef HAVE_STRING_H
| # if !defined STDC_HEADERS && defined HAVE_MEMORY_H
| #  include <memory.h>
| # endif
| # include <string.h>
| #endif
| #ifdef HAVE_STRINGS_H
| # include <strings.h>
| #endif
| #ifdef HAVE_INTTYPES_H
| # include <inttypes.h>
| #endif
| #ifdef HAVE_STDINT_H
| # include <stdint.h>
| #endif
| #ifdef HAVE_UNISTD_H
| # include <unistd.h>
| #endif
| int
| main ()
| {
| if (sizeof ((_Bool)))
| 	    return 0;
|   ;
|   return 0;
| }
configure:16876: result: yes
configure:16896: checking malloc.h usability
configure:16896: gcc -c -g -O2  conftest.c >&5
configure:16896: $? = 0
configure:16896: result: yes
configure:16896: checking malloc.h presence
configure:16896: gcc -E  conftest.c
configure:16896: $? = 0
configure:16896: result: yes
configure:16896: checking for malloc.h
configure:16896: result: yes
configure:16896: checking float.h usability
configure:16896: gcc -c -g -O2  conftest.c >&5
configure:16896: $? = 0
configure:16896: result: yes
configure:16896: checking float.h presence
configure:16896: gcc -E  conftest.c
configure:16896: $? = 0
configure:16896: result: yes
configure:16896: checking for float.h
configure:16896: result: yes
configure:16896: checking limits.h usability
configure:16896: gcc -c -g -O2  conftest.c >&5
configure:16896: $? = 0
configure:16896: result: yes
configure:16896: checking limits.h presence
configure:16896: gcc -E  conftest.c
configure:16896: $? = 0
configure:16896: result: yes
configure:16896: checking for limits.h
configure:16896: result: yes
configure:16896: checking for stdlib.h
configure:16896: result: yes
configure:16896: checking for string.h
configure:16896: result: yes
configure:16896: checking for strings.h
configure:16896: result: yes
configure:16896: checking for unistd.h
configure:16896: result: yes
configure:16896: checking for unistd.h
configure:16896: result: yes
configure:16896: checking math.h usability
configure:16896: gcc -c -g -O2  conftest.c >&5
configure:16896: $? = 0
configure:16896: result: yes
configure:16896: checking math.h presence
configure:16896: gcc -E  conftest.c
configure:16896: $? = 0
configure:16896: result: yes
configure:16896: checking for math.h
configure:16896: result: yes
configure:16909: checking for stdlib.h
configure:16909: result: yes
configure:16919: checking for GNU libc compatible malloc
configure:16943: gcc -o conftest -g -O2   conftest.c -lm  >&5
configure:16943: $? = 0
configure:16943: ./conftest
configure:16943: $? = 0
configure:16953: result: yes
configure:16976: checking for stdlib.h
configure:16976: result: yes
configure:16986: checking for GNU libc compatible realloc
configure:17010: gcc -o conftest -g -O2   conftest.c -lm  >&5
configure:17010: $? = 0
configure:17010: ./conftest
configure:17010: $? = 0
configure:17020: result: yes
configure:17041: checking for working strtod
configure:17082: gcc -o conftest -g -O2   conftest.c -lm  >&5
configure:17082: $? = 0
configure:17082: ./conftest
configure:17082: $? = 0
configure:17092: result: yes
configure:17157: checking for floor
configure:17157: gcc -o conftest -g -O2   conftest.c -lm  >&5
conftest.c:64: warning: conflicting types for built-in function 'floor'
configure:17157: $? = 0
configure:17157: result: yes
configure:17157: checking for strdup
configure:17157: gcc -o conftest -g -O2   conftest.c -lm  >&5
conftest.c:65: warning: conflicting types for built-in function 'strdup'
configure:17157: $? = 0
configure:17157: result: yes
configure:17157: checking for strstr
configure:17157: gcc -o conftest -g -O2   conftest.c -lm  >&5
conftest.c:66: warning: conflicting types for built-in function 'strstr'
configure:17157: $? = 0
configure:17157: result: yes
configure:17157: checking for strchr
configure:17157: gcc -o conftest -g -O2   conftest.c -lm  >&5
conftest.c:67: warning: conflicting types for built-in function 'strchr'
configure:17157: $? = 0
configure:17157: result: yes
configure:17157: checking for strrchr
configure:17157: gcc -o conftest -g -O2   conftest.c -lm  >&5
conftest.c:68: warning: conflicting types for built-in function 'strrchr'
configure:17157: $? = 0
configure:17157: result: yes
configure:17157: checking for strstr
configure:17157: result: yes
configure:17157: checking for strtol
configure:17157: gcc -o conftest -g -O2   conftest.c -lm  >&5
configure:17157: $? = 0
configure:17157: result: yes
configure:17157: checking for strtoul
configure:17157: gcc -o conftest -g -O2   conftest.c -lm  >&5
configure:17157: $? = 0
configure:17157: result: yes
configure:17157: checking for pow
configure:17157: gcc -o conftest -g -O2   conftest.c -lm  >&5
conftest.c:72: warning: conflicting types for built-in function 'pow'
configure:17157: $? = 0
configure:17157: result: yes
configure:17157: checking for rint
configure:17157: gcc -o conftest -g -O2   conftest.c -lm  >&5
conftest.c:73: warning: conflicting types for built-in function 'rint'
configure:17157: $? = 0
configure:17157: result: yes
configure:17157: checking for sqrt
configure:17157: gcc -o conftest -g -O2   conftest.c -lm  >&5
conftest.c:74: warning: conflicting types for built-in function 'sqrt'
configure:17157: $? = 0
configure:17157: result: yes
configure:17157: checking for erand48
configure:17157: gcc -o conftest -g -O2   conftest.c -lm  >&5
configure:17157: $? = 0
configure:17157: result: yes
configure:17157: checking for memset
configure:17157: gcc -o conftest -g -O2   conftest.c -lm  >&5
conftest.c:76: warning: conflicting types for built-in function 'memset'
configure:17157: $? = 0
configure:17157: result: yes
configure:17157: checking for memmove
configure:17157: gcc -o conftest -g -O2   conftest.c -lm  >&5
conftest.c:77: warning: conflicting types for built-in function 'memmove'
configure:17157: $? = 0
configure:17157: result: yes
configure:17157: checking for erand48
configure:17157: result: yes
configure:17167: checking for an ANSI C-conforming const
configure:17233: gcc -c -g -O2  conftest.c >&5
configure:17233: $? = 0
configure:17240: result: yes
configure:17248: checking for size_t
configure:17248: gcc -c -g -O2  conftest.c >&5
configure:17248: $? = 0
configure:17248: gcc -c -g -O2  conftest.c >&5
conftest.c: In function 'main':
conftest.c:92: error: expected expression before ')' token
configure:17248: $? = 1
configure: failed program was:
| /* confdefs.h */
| #define PACKAGE_NAME "ViennaRNA"
| #define PACKAGE_TARNAME "ViennaRNA"
| #define PACKAGE_VERSION "2.2.5"
| #define PACKAGE_STRING "ViennaRNA 2.2.5"
| #define PACKAGE_BUGREPORT "rna@tbi.univie.ac.at"
| #define PACKAGE_URL "http://www.tbi.univie.ac.at/RNA"
| #define PACKAGE "ViennaRNA"
| #define VERSION "2.2.5"
| #define UNUSED __attribute__ ((unused))
| #define STDC_HEADERS 1
| #define HAVE_SYS_TYPES_H 1
| #define HAVE_SYS_STAT_H 1
| #define HAVE_STDLIB_H 1
| #define HAVE_STRING_H 1
| #define HAVE_MEMORY_H 1
| #define HAVE_STRINGS_H 1
| #define HAVE_INTTYPES_H 1
| #define HAVE_STDINT_H 1
| #define HAVE_UNISTD_H 1
| #define HAVE_DLFCN_H 1
| #define LT_OBJDIR ".libs/"
| #define HAVE_LIBM 1
| #define STDC_HEADERS 1
| #define HAVE__BOOL 1
| #define HAVE_STDBOOL_H 1
| #define HAVE_MALLOC_H 1
| #define HAVE_FLOAT_H 1
| #define HAVE_LIMITS_H 1
| #define HAVE_STDLIB_H 1
| #define HAVE_STRING_H 1
| #define HAVE_STRINGS_H 1
| #define HAVE_UNISTD_H 1
| #define HAVE_UNISTD_H 1
| #define HAVE_MATH_H 1
| #define HAVE_STDLIB_H 1
| #define HAVE_MALLOC 1
| #define HAVE_STDLIB_H 1
| #define HAVE_REALLOC 1
| #define HAVE_FLOOR 1
| #define HAVE_STRDUP 1
| #define HAVE_STRSTR 1
| #define HAVE_STRCHR 1
| #define HAVE_STRRCHR 1
| #define HAVE_STRSTR 1
| #define HAVE_STRTOL 1
| #define HAVE_STRTOUL 1
| #define HAVE_POW 1
| #define HAVE_RINT 1
| #define HAVE_SQRT 1
| #define HAVE_ERAND48 1
| #define HAVE_MEMSET 1
| #define HAVE_MEMMOVE 1
| #define HAVE_ERAND48 1
| /* end confdefs.h.  */
| #include <stdio.h>
| #ifdef HAVE_SYS_TYPES_H
| # include <sys/types.h>
| #endif
| #ifdef HAVE_SYS_STAT_H
| # include <sys/stat.h>
| #endif
| #ifdef STDC_HEADERS
| # include <stdlib.h>
| # include <stddef.h>
| #else
| # ifdef HAVE_STDLIB_H
| #  include <stdlib.h>
| # endif
| #endif
| #ifdef HAVE_STRING_H
| # if !defined STDC_HEADERS && defined HAVE_MEMORY_H
| #  include <memory.h>
| # endif
| # include <string.h>
| #endif
| #ifdef HAVE_STRINGS_H
| # include <strings.h>
| #endif
| #ifdef HAVE_INTTYPES_H
| # include <inttypes.h>
| #endif
| #ifdef HAVE_STDINT_H
| # include <stdint.h>
| #endif
| #ifdef HAVE_UNISTD_H
| # include <unistd.h>
| #endif
| int
| main ()
| {
| if (sizeof ((size_t)))
| 	    return 0;
|   ;
|   return 0;
| }
configure:17248: result: yes
configure:17259: checking for inline
configure:17275: gcc -c -g -O2  conftest.c >&5
configure:17275: $? = 0
configure:17283: result: inline
configure:17358: checking for pkg-config
configure:17376: found /usr/bin/pkg-config
configure:17388: result: /usr/bin/pkg-config
configure:17413: checking pkg-config is at least version 0.9.0
configure:17416: result: yes
configure:17426: checking for C compiler vendor
configure:17473: gcc -c -g -O2  conftest.c >&5
conftest.c: In function 'main':
conftest.c:62: error: 'thisisanerror' undeclared (first use in this function)
conftest.c:62: error: (Each undeclared identifier is reported only once
conftest.c:62: error: for each function it appears in.)
configure:17473: $? = 1
configure: failed program was:
| /* confdefs.h */
| #define PACKAGE_NAME "ViennaRNA"
| #define PACKAGE_TARNAME "ViennaRNA"
| #define PACKAGE_VERSION "2.2.5"
| #define PACKAGE_STRING "ViennaRNA 2.2.5"
| #define PACKAGE_BUGREPORT "rna@tbi.univie.ac.at"
| #define PACKAGE_URL "http://www.tbi.univie.ac.at/RNA"
| #define PACKAGE "ViennaRNA"
| #define VERSION "2.2.5"
| #define UNUSED __attribute__ ((unused))
| #define STDC_HEADERS 1
| #define HAVE_SYS_TYPES_H 1
| #define HAVE_SYS_STAT_H 1
| #define HAVE_STDLIB_H 1
| #define HAVE_STRING_H 1
| #define HAVE_MEMORY_H 1
| #define HAVE_STRINGS_H 1
| #define HAVE_INTTYPES_H 1
| #define HAVE_STDINT_H 1
| #define HAVE_UNISTD_H 1
| #define HAVE_DLFCN_H 1
| #define LT_OBJDIR ".libs/"
| #define HAVE_LIBM 1
| #define STDC_HEADERS 1
| #define HAVE__BOOL 1
| #define HAVE_STDBOOL_H 1
| #define HAVE_MALLOC_H 1
| #define HAVE_FLOAT_H 1
| #define HAVE_LIMITS_H 1
| #define HAVE_STDLIB_H 1
| #define HAVE_STRING_H 1
| #define HAVE_STRINGS_H 1
| #define HAVE_UNISTD_H 1
| #define HAVE_UNISTD_H 1
| #define HAVE_MATH_H 1
| #define HAVE_STDLIB_H 1
| #define HAVE_MALLOC 1
| #define HAVE_STDLIB_H 1
| #define HAVE_REALLOC 1
| #define HAVE_FLOOR 1
| #define HAVE_STRDUP 1
| #define HAVE_STRSTR 1
| #define HAVE_STRCHR 1
| #define HAVE_STRRCHR 1
| #define HAVE_STRSTR 1
| #define HAVE_STRTOL 1
| #define HAVE_STRTOUL 1
| #define HAVE_POW 1
| #define HAVE_RINT 1
| #define HAVE_SQRT 1
| #define HAVE_ERAND48 1
| #define HAVE_MEMSET 1
| #define HAVE_MEMMOVE 1
| #define HAVE_ERAND48 1
| /* end confdefs.h.  */
| 
| int
| main ()
| {
| 
|       #if !(defined(__ICC) || defined(__ECC) || defined(__INTEL_COMPILER))
|         thisisanerror;
|       #endif
| 
|   ;
|   return 0;
| }
configure:17473: gcc -c -g -O2  conftest.c >&5
conftest.c: In function 'main':
conftest.c:62: error: 'thisisanerror' undeclared (first use in this function)
conftest.c:62: error: (Each undeclared identifier is reported only once
conftest.c:62: error: for each function it appears in.)
configure:17473: $? = 1
configure: failed program was:
| /* confdefs.h */
| #define PACKAGE_NAME "ViennaRNA"
| #define PACKAGE_TARNAME "ViennaRNA"
| #define PACKAGE_VERSION "2.2.5"
| #define PACKAGE_STRING "ViennaRNA 2.2.5"
| #define PACKAGE_BUGREPORT "rna@tbi.univie.ac.at"
| #define PACKAGE_URL "http://www.tbi.univie.ac.at/RNA"
| #define PACKAGE "ViennaRNA"
| #define VERSION "2.2.5"
| #define UNUSED __attribute__ ((unused))
| #define STDC_HEADERS 1
| #define HAVE_SYS_TYPES_H 1
| #define HAVE_SYS_STAT_H 1
| #define HAVE_STDLIB_H 1
| #define HAVE_STRING_H 1
| #define HAVE_MEMORY_H 1
| #define HAVE_STRINGS_H 1
| #define HAVE_INTTYPES_H 1
| #define HAVE_STDINT_H 1
| #define HAVE_UNISTD_H 1
| #define HAVE_DLFCN_H 1
| #define LT_OBJDIR ".libs/"
| #define HAVE_LIBM 1
| #define STDC_HEADERS 1
| #define HAVE__BOOL 1
| #define HAVE_STDBOOL_H 1
| #define HAVE_MALLOC_H 1
| #define HAVE_FLOAT_H 1
| #define HAVE_LIMITS_H 1
| #define HAVE_STDLIB_H 1
| #define HAVE_STRING_H 1
| #define HAVE_STRINGS_H 1
| #define HAVE_UNISTD_H 1
| #define HAVE_UNISTD_H 1
| #define HAVE_MATH_H 1
| #define HAVE_STDLIB_H 1
| #define HAVE_MALLOC 1
| #define HAVE_STDLIB_H 1
| #define HAVE_REALLOC 1
| #define HAVE_FLOOR 1
| #define HAVE_STRDUP 1
| #define HAVE_STRSTR 1
| #define HAVE_STRCHR 1
| #define HAVE_STRRCHR 1
| #define HAVE_STRSTR 1
| #define HAVE_STRTOL 1
| #define HAVE_STRTOUL 1
| #define HAVE_POW 1
| #define HAVE_RINT 1
| #define HAVE_SQRT 1
| #define HAVE_ERAND48 1
| #define HAVE_MEMSET 1
| #define HAVE_MEMMOVE 1
| #define HAVE_ERAND48 1
| /* end confdefs.h.  */
| 
| int
| main ()
| {
| 
|       #if !(defined(__xlc__) || defined(__xlC__) || defined(__IBMC__) || defined(__IBMCPP__))
|         thisisanerror;
|       #endif
| 
|   ;
|   return 0;
| }
configure:17473: gcc -c -g -O2  conftest.c >&5
conftest.c: In function 'main':
conftest.c:62: error: 'thisisanerror' undeclared (first use in this function)
conftest.c:62: error: (Each undeclared identifier is reported only once
conftest.c:62: error: for each function it appears in.)
configure:17473: $? = 1
configure: failed program was:
| /* confdefs.h */
| #define PACKAGE_NAME "ViennaRNA"
| #define PACKAGE_TARNAME "ViennaRNA"
| #define PACKAGE_VERSION "2.2.5"
| #define PACKAGE_STRING "ViennaRNA 2.2.5"
| #define PACKAGE_BUGREPORT "rna@tbi.univie.ac.at"
| #define PACKAGE_URL "http://www.tbi.univie.ac.at/RNA"
| #define PACKAGE "ViennaRNA"
| #define VERSION "2.2.5"
| #define UNUSED __attribute__ ((unused))
| #define STDC_HEADERS 1
| #define HAVE_SYS_TYPES_H 1
| #define HAVE_SYS_STAT_H 1
| #define HAVE_STDLIB_H 1
| #define HAVE_STRING_H 1
| #define HAVE_MEMORY_H 1
| #define HAVE_STRINGS_H 1
| #define HAVE_INTTYPES_H 1
| #define HAVE_STDINT_H 1
| #define HAVE_UNISTD_H 1
| #define HAVE_DLFCN_H 1
| #define LT_OBJDIR ".libs/"
| #define HAVE_LIBM 1
| #define STDC_HEADERS 1
| #define HAVE__BOOL 1
| #define HAVE_STDBOOL_H 1
| #define HAVE_MALLOC_H 1
| #define HAVE_FLOAT_H 1
| #define HAVE_LIMITS_H 1
| #define HAVE_STDLIB_H 1
| #define HAVE_STRING_H 1
| #define HAVE_STRINGS_H 1
| #define HAVE_UNISTD_H 1
| #define HAVE_UNISTD_H 1
| #define HAVE_MATH_H 1
| #define HAVE_STDLIB_H 1
| #define HAVE_MALLOC 1
| #define HAVE_STDLIB_H 1
| #define HAVE_REALLOC 1
| #define HAVE_FLOOR 1
| #define HAVE_STRDUP 1
| #define HAVE_STRSTR 1
| #define HAVE_STRCHR 1
| #define HAVE_STRRCHR 1
| #define HAVE_STRSTR 1
| #define HAVE_STRTOL 1
| #define HAVE_STRTOUL 1
| #define HAVE_POW 1
| #define HAVE_RINT 1
| #define HAVE_SQRT 1
| #define HAVE_ERAND48 1
| #define HAVE_MEMSET 1
| #define HAVE_MEMMOVE 1
| #define HAVE_ERAND48 1
| /* end confdefs.h.  */
| 
| int
| main ()
| {
| 
|       #if !(defined(__PATHCC__) || defined(__PATHSCALE__))
|         thisisanerror;
|       #endif
| 
|   ;
|   return 0;
| }
configure:17473: gcc -c -g -O2  conftest.c >&5
conftest.c: In function 'main':
conftest.c:62: error: 'thisisanerror' undeclared (first use in this function)
conftest.c:62: error: (Each undeclared identifier is reported only once
conftest.c:62: error: for each function it appears in.)
configure:17473: $? = 1
configure: failed program was:
| /* confdefs.h */
| #define PACKAGE_NAME "ViennaRNA"
| #define PACKAGE_TARNAME "ViennaRNA"
| #define PACKAGE_VERSION "2.2.5"
| #define PACKAGE_STRING "ViennaRNA 2.2.5"
| #define PACKAGE_BUGREPORT "rna@tbi.univie.ac.at"
| #define PACKAGE_URL "http://www.tbi.univie.ac.at/RNA"
| #define PACKAGE "ViennaRNA"
| #define VERSION "2.2.5"
| #define UNUSED __attribute__ ((unused))
| #define STDC_HEADERS 1
| #define HAVE_SYS_TYPES_H 1
| #define HAVE_SYS_STAT_H 1
| #define HAVE_STDLIB_H 1
| #define HAVE_STRING_H 1
| #define HAVE_MEMORY_H 1
| #define HAVE_STRINGS_H 1
| #define HAVE_INTTYPES_H 1
| #define HAVE_STDINT_H 1
| #define HAVE_UNISTD_H 1
| #define HAVE_DLFCN_H 1
| #define LT_OBJDIR ".libs/"
| #define HAVE_LIBM 1
| #define STDC_HEADERS 1
| #define HAVE__BOOL 1
| #define HAVE_STDBOOL_H 1
| #define HAVE_MALLOC_H 1
| #define HAVE_FLOAT_H 1
| #define HAVE_LIMITS_H 1
| #define HAVE_STDLIB_H 1
| #define HAVE_STRING_H 1
| #define HAVE_STRINGS_H 1
| #define HAVE_UNISTD_H 1
| #define HAVE_UNISTD_H 1
| #define HAVE_MATH_H 1
| #define HAVE_STDLIB_H 1
| #define HAVE_MALLOC 1
| #define HAVE_STDLIB_H 1
| #define HAVE_REALLOC 1
| #define HAVE_FLOOR 1
| #define HAVE_STRDUP 1
| #define HAVE_STRSTR 1
| #define HAVE_STRCHR 1
| #define HAVE_STRRCHR 1
| #define HAVE_STRSTR 1
| #define HAVE_STRTOL 1
| #define HAVE_STRTOUL 1
| #define HAVE_POW 1
| #define HAVE_RINT 1
| #define HAVE_SQRT 1
| #define HAVE_ERAND48 1
| #define HAVE_MEMSET 1
| #define HAVE_MEMMOVE 1
| #define HAVE_ERAND48 1
| /* end confdefs.h.  */
| 
| int
| main ()
| {
| 
|       #if !(defined(__clang__))
|         thisisanerror;
|       #endif
| 
|   ;
|   return 0;
| }
configure:17473: gcc -c -g -O2  conftest.c >&5
conftest.c: In function 'main':
conftest.c:62: error: 'thisisanerror' undeclared (first use in this function)
conftest.c:62: error: (Each undeclared identifier is reported only once
conftest.c:62: error: for each function it appears in.)
configure:17473: $? = 1
configure: failed program was:
| /* confdefs.h */
| #define PACKAGE_NAME "ViennaRNA"
| #define PACKAGE_TARNAME "ViennaRNA"
| #define PACKAGE_VERSION "2.2.5"
| #define PACKAGE_STRING "ViennaRNA 2.2.5"
| #define PACKAGE_BUGREPORT "rna@tbi.univie.ac.at"
| #define PACKAGE_URL "http://www.tbi.univie.ac.at/RNA"
| #define PACKAGE "ViennaRNA"
| #define VERSION "2.2.5"
| #define UNUSED __attribute__ ((unused))
| #define STDC_HEADERS 1
| #define HAVE_SYS_TYPES_H 1
| #define HAVE_SYS_STAT_H 1
| #define HAVE_STDLIB_H 1
| #define HAVE_STRING_H 1
| #define HAVE_MEMORY_H 1
| #define HAVE_STRINGS_H 1
| #define HAVE_INTTYPES_H 1
| #define HAVE_STDINT_H 1
| #define HAVE_UNISTD_H 1
| #define HAVE_DLFCN_H 1
| #define LT_OBJDIR ".libs/"
| #define HAVE_LIBM 1
| #define STDC_HEADERS 1
| #define HAVE__BOOL 1
| #define HAVE_STDBOOL_H 1
| #define HAVE_MALLOC_H 1
| #define HAVE_FLOAT_H 1
| #define HAVE_LIMITS_H 1
| #define HAVE_STDLIB_H 1
| #define HAVE_STRING_H 1
| #define HAVE_STRINGS_H 1
| #define HAVE_UNISTD_H 1
| #define HAVE_UNISTD_H 1
| #define HAVE_MATH_H 1
| #define HAVE_STDLIB_H 1
| #define HAVE_MALLOC 1
| #define HAVE_STDLIB_H 1
| #define HAVE_REALLOC 1
| #define HAVE_FLOOR 1
| #define HAVE_STRDUP 1
| #define HAVE_STRSTR 1
| #define HAVE_STRCHR 1
| #define HAVE_STRRCHR 1
| #define HAVE_STRSTR 1
| #define HAVE_STRTOL 1
| #define HAVE_STRTOUL 1
| #define HAVE_POW 1
| #define HAVE_RINT 1
| #define HAVE_SQRT 1
| #define HAVE_ERAND48 1
| #define HAVE_MEMSET 1
| #define HAVE_MEMMOVE 1
| #define HAVE_ERAND48 1
| /* end confdefs.h.  */
| 
| int
| main ()
| {
| 
|       #if !(defined(_CRAYC))
|         thisisanerror;
|       #endif
| 
|   ;
|   return 0;
| }
configure:17473: gcc -c -g -O2  conftest.c >&5
conftest.c: In function 'main':
conftest.c:62: error: 'thisisanerror' undeclared (first use in this function)
conftest.c:62: error: (Each undeclared identifier is reported only once
conftest.c:62: error: for each function it appears in.)
configure:17473: $? = 1
configure: failed program was:
| /* confdefs.h */
| #define PACKAGE_NAME "ViennaRNA"
| #define PACKAGE_TARNAME "ViennaRNA"
| #define PACKAGE_VERSION "2.2.5"
| #define PACKAGE_STRING "ViennaRNA 2.2.5"
| #define PACKAGE_BUGREPORT "rna@tbi.univie.ac.at"
| #define PACKAGE_URL "http://www.tbi.univie.ac.at/RNA"
| #define PACKAGE "ViennaRNA"
| #define VERSION "2.2.5"
| #define UNUSED __attribute__ ((unused))
| #define STDC_HEADERS 1
| #define HAVE_SYS_TYPES_H 1
| #define HAVE_SYS_STAT_H 1
| #define HAVE_STDLIB_H 1
| #define HAVE_STRING_H 1
| #define HAVE_MEMORY_H 1
| #define HAVE_STRINGS_H 1
| #define HAVE_INTTYPES_H 1
| #define HAVE_STDINT_H 1
| #define HAVE_UNISTD_H 1
| #define HAVE_DLFCN_H 1
| #define LT_OBJDIR ".libs/"
| #define HAVE_LIBM 1
| #define STDC_HEADERS 1
| #define HAVE__BOOL 1
| #define HAVE_STDBOOL_H 1
| #define HAVE_MALLOC_H 1
| #define HAVE_FLOAT_H 1
| #define HAVE_LIMITS_H 1
| #define HAVE_STDLIB_H 1
| #define HAVE_STRING_H 1
| #define HAVE_STRINGS_H 1
| #define HAVE_UNISTD_H 1
| #define HAVE_UNISTD_H 1
| #define HAVE_MATH_H 1
| #define HAVE_STDLIB_H 1
| #define HAVE_MALLOC 1
| #define HAVE_STDLIB_H 1
| #define HAVE_REALLOC 1
| #define HAVE_FLOOR 1
| #define HAVE_STRDUP 1
| #define HAVE_STRSTR 1
| #define HAVE_STRCHR 1
| #define HAVE_STRRCHR 1
| #define HAVE_STRSTR 1
| #define HAVE_STRTOL 1
| #define HAVE_STRTOUL 1
| #define HAVE_POW 1
| #define HAVE_RINT 1
| #define HAVE_SQRT 1
| #define HAVE_ERAND48 1
| #define HAVE_MEMSET 1
| #define HAVE_MEMMOVE 1
| #define HAVE_ERAND48 1
| /* end confdefs.h.  */
| 
| int
| main ()
| {
| 
|       #if !(defined(__FUJITSU))
|         thisisanerror;
|       #endif
| 
|   ;
|   return 0;
| }
configure:17473: gcc -c -g -O2  conftest.c >&5
configure:17473: $? = 0
configure:17481: result: gnu
configure:17491: checking for perl
configure:17509: found /usr/bin/perl
configure:17521: result: /usr/bin/perl
configure:18041: checking whether C compiler accepts -flto
configure:18060: gcc -c -g -O2  -flto  conftest.c >&5
cc1: error: unrecognized command line option "-flto"
configure:18060: $? = 1
configure: failed program was:
| /* confdefs.h */
| #define PACKAGE_NAME "ViennaRNA"
| #define PACKAGE_TARNAME "ViennaRNA"
| #define PACKAGE_VERSION "2.2.5"
| #define PACKAGE_STRING "ViennaRNA 2.2.5"
| #define PACKAGE_BUGREPORT "rna@tbi.univie.ac.at"
| #define PACKAGE_URL "http://www.tbi.univie.ac.at/RNA"
| #define PACKAGE "ViennaRNA"
| #define VERSION "2.2.5"
| #define UNUSED __attribute__ ((unused))
| #define STDC_HEADERS 1
| #define HAVE_SYS_TYPES_H 1
| #define HAVE_SYS_STAT_H 1
| #define HAVE_STDLIB_H 1
| #define HAVE_STRING_H 1
| #define HAVE_MEMORY_H 1
| #define HAVE_STRINGS_H 1
| #define HAVE_INTTYPES_H 1
| #define HAVE_STDINT_H 1
| #define HAVE_UNISTD_H 1
| #define HAVE_DLFCN_H 1
| #define LT_OBJDIR ".libs/"
| #define HAVE_LIBM 1
| #define STDC_HEADERS 1
| #define HAVE__BOOL 1
| #define HAVE_STDBOOL_H 1
| #define HAVE_MALLOC_H 1
| #define HAVE_FLOAT_H 1
| #define HAVE_LIMITS_H 1
| #define HAVE_STDLIB_H 1
| #define HAVE_STRING_H 1
| #define HAVE_STRINGS_H 1
| #define HAVE_UNISTD_H 1
| #define HAVE_UNISTD_H 1
| #define HAVE_MATH_H 1
| #define HAVE_STDLIB_H 1
| #define HAVE_MALLOC 1
| #define HAVE_STDLIB_H 1
| #define HAVE_REALLOC 1
| #define HAVE_FLOOR 1
| #define HAVE_STRDUP 1
| #define HAVE_STRSTR 1
| #define HAVE_STRCHR 1
| #define HAVE_STRRCHR 1
| #define HAVE_STRSTR 1
| #define HAVE_STRTOL 1
| #define HAVE_STRTOUL 1
| #define HAVE_POW 1
| #define HAVE_RINT 1
| #define HAVE_SQRT 1
| #define HAVE_ERAND48 1
| #define HAVE_MEMSET 1
| #define HAVE_MEMMOVE 1
| #define HAVE_ERAND48 1
| /* end confdefs.h.  */
| 
| int
| main ()
| {
| 
|   ;
|   return 0;
| }
configure:18068: result: no
configure:19183: checking for ./src/libsvm-3.20/svm.cpp
configure:19186: result: yes
configure:19183: checking for ./src/libsvm-3.20/svm.h
configure:19186: result: yes
configure:19247: checking for ./src/json/json.c
configure:19250: result: yes
configure:19247: checking for ./src/json/json.h
configure:19250: result: yes
configure:19332: checking for cblas_dgemm in -lgslcblas
configure:19357: gcc -o conftest -g -O2   conftest.c -lgslcblas  -lm  >&5
configure:19357: $? = 0
configure:19366: result: yes
configure:19377: checking for gsl_blas_dgemm in -lgsl
configure:19402: gcc -o conftest -g -O2   conftest.c -lgsl  -lgslcblas -lm  >&5
configure:19402: $? = 0
configure:19411: result: yes
configure:19822: checking for ./src/Kinwalker/Makefile.am
configure:19825: result: yes
configure:19890: checking for ./interfaces/Makefile.am
configure:19893: result: yes
configure:19917: checking for swig
configure:19935: found /usr/bin/swig
configure:19947: result: /usr/bin/swig
configure:19961: checking SWIG version
configure:19964: result: 1.3.40
configure:20008: WARNING: SWIG version >= 2.0.0 is required.  You have 1.3.40.
configure:21232: checking for doxygen
configure:21250: found /usr/bin/doxygen
configure:21263: result: /usr/bin/doxygen
configure:21273: checking for pdflatex
configure:21291: found /usr/bin/pdflatex
configure:21304: result: /usr/bin/pdflatex
configure:21314: checking for latex
configure:21332: found /usr/bin/latex
configure:21345: result: /usr/bin/latex
configure:21355: checking for makeindex
configure:21373: found /usr/bin/makeindex
configure:21386: result: /usr/bin/makeindex
configure:21396: checking for dot
configure:21414: found /usr/bin/dot
configure:21427: result: /usr/bin/dot
configure:21437: checking for egrep
configure:21455: found /bin/egrep
configure:21468: result: /bin/egrep
configure:21478: checking for perl
configure:21496: found /usr/bin/perl
configure:21509: result: /usr/bin/perl
configure:21873: checking for CHECK
configure:21880: $PKG_CONFIG --exists --print-errors "check >= 0.9.4"
configure:21883: $? = 0
configure:21897: $PKG_CONFIG --exists --print-errors "check >= 0.9.4"
configure:21900: $? = 0
configure:21948: result: yes
configure:22186: checking that generated files are newer than configure
configure:22192: result: done
configure:22299: creating ./config.status

## ---------------------- ##
## Running config.status. ##
## ---------------------- ##

This file was extended by ViennaRNA config.status 2.2.5, which was
generated by GNU Autoconf 2.69.  Invocation command line was

  CONFIG_FILES    = 
  CONFIG_HEADERS  = 
  CONFIG_LINKS    = 
  CONFIG_COMMANDS = 
  $ ./config.status 

on boomer2.oscer.ou.edu

config.status:1351: creating packaging/macosx/Makefile
config.status:1351: creating packaging/macosx/Distribution.xml
config.status:1351: creating packaging/macosx/resources/welcome.txt
config.status:1351: creating tests/Makefile
config.status:1351: creating tests/RNApath.py
config.status:1351: creating misc/Makefile
config.status:1351: creating interfaces/Makefile
config.status:1351: creating Makefile
config.status:1351: creating RNAlib2.pc
config.status:1351: creating src/Utils/Makefile
config.status:1351: creating src/bin/Makefile
config.status:1351: creating src/Makefile
config.status:1351: creating man/Makefile
config.status:1351: creating src/ViennaRNA/Makefile
config.status:1351: creating doc/Makefile
config.status:1351: creating man/cmdlopt.sh
config.status:1351: creating packaging/viennarna.spec
config.status:1351: creating packaging/PKGBUILD
config.status:1351: creating packaging/win_installer_archlinux_i686.nsi
config.status:1351: creating packaging/win_installer_archlinux_x86_64.nsi
config.status:1351: creating packaging/win_installer_fedora_i686.nsi
config.status:1351: creating packaging/win_installer_fedora_x86_64.nsi
config.status:1351: creating config.h
config.status:1580: executing depfiles commands
config.status:1580: executing libtool commands
configure:24801: === configuring in src/Kinwalker (/home/nsloat/swellix/bwbuild/ViennaRNA-2.2.5/src/Kinwalker)
configure:24864: running /bin/sh ./configure --disable-option-checking '--prefix=/home/nsloat/swellix/bwbuild/viennabuild'  '--without-kinfold' '--without-forester' '--without-kinwalker' '--without-perl' '--without-python' '--without-doc' '--without-doc-html' '--without-doc-pdf' 'CC=gcc' 'CXX=g++' 'CFLAGS=-g -O2' 'CXXFLAGS=-g -O2' 'AR=ar' 'RANLIB=ranlib' 'NM=/usr/bin/nm -B' 'VRNA_CFLAGS=-I$(top_srcdir)/../../src/ViennaRNA -I$(top_srcdir)/../../src' 'VRNA_LIBS=-L$(top_builddir)/../../src/ViennaRNA -lRNA -lgomp' --cache-file=/dev/null --srcdir=.
configure:25354:

################################################
#         ViennaRNA Package 2.2.5             ##
#                                             ##
# configured successfully with the following  ##
# options:                                    ##
################################################


  * Extra Programs:

    ( Kinwalker )

  * Other Options:

    ( SVM, JSON, GSL, Boustrophedon, OpenMP, LTO )

  * RNAlib Scripting Language Interfaces:

    ( None )

  * RNAlib Documentation:

    ( None )

  * Unit Tests will be performed for:

    ( C-Library )


##############################################
# Files will be installed in the following  ##
# directories:                              ##
##############################################

  Executables:        /home/nsloat/swellix/bwbuild/viennabuild/bin
  Libraries:          /home/nsloat/swellix/bwbuild/viennabuild/lib
  Header files:       /home/nsloat/swellix/bwbuild/viennabuild/include
  Extra Data:         /home/nsloat/swellix/bwbuild/viennabuild/share
  Man pages:          /home/nsloat/swellix/bwbuild/viennabuild/share/man
  Documentation:      /home/nsloat/swellix/bwbuild/viennabuild/share/doc/ViennaRNA
    (HTML):           /home/nsloat/swellix/bwbuild/viennabuild/share/doc/ViennaRNA/html
    (PDF):            /home/nsloat/swellix/bwbuild/viennabuild/share/doc/ViennaRNA
  Perl5 Interface:    Not to be installed
    (binaries):       
    (scripts):        
  Python2 Interface:  Not to be installed
    (binaries):       
    (scripts):        
  Python3 Interface:  Not to be installed
    (binaries):       
    (scripts):        


## ---------------- ##
## Cache variables. ##
## ---------------- ##

ac_cv_build=x86_64-unknown-linux-gnu
ac_cv_c_compiler_gnu=yes
ac_cv_c_const=yes
ac_cv_c_inline=inline
ac_cv_cxx_compiler_gnu=yes
ac_cv_env_CCC_set=
ac_cv_env_CCC_value=
ac_cv_env_CC_set=
ac_cv_env_CC_value=
ac_cv_env_CFLAGS_set=
ac_cv_env_CFLAGS_value=
ac_cv_env_CHECK_CFLAGS_set=
ac_cv_env_CHECK_CFLAGS_value=
ac_cv_env_CHECK_LIBS_set=
ac_cv_env_CHECK_LIBS_value=
ac_cv_env_CPPFLAGS_set=
ac_cv_env_CPPFLAGS_value=
ac_cv_env_CPP_set=
ac_cv_env_CPP_value=
ac_cv_env_CXXCPP_set=
ac_cv_env_CXXCPP_value=
ac_cv_env_CXXFLAGS_set=
ac_cv_env_CXXFLAGS_value=
ac_cv_env_CXX_set=
ac_cv_env_CXX_value=
ac_cv_env_LDFLAGS_set=
ac_cv_env_LDFLAGS_value=
ac_cv_env_LIBS_set=
ac_cv_env_LIBS_value=
ac_cv_env_LT_SYS_LIBRARY_PATH_set=
ac_cv_env_LT_SYS_LIBRARY_PATH_value=
ac_cv_env_PERL_EXT_CPPFLAGS_set=
ac_cv_env_PERL_EXT_CPPFLAGS_value=
ac_cv_env_PERL_EXT_INC_set=
ac_cv_env_PERL_EXT_INC_value=
ac_cv_env_PERL_EXT_LDFLAGS_set=
ac_cv_env_PERL_EXT_LDFLAGS_value=
ac_cv_env_PERL_EXT_LIB_set=
ac_cv_env_PERL_EXT_LIB_value=
ac_cv_env_PERL_EXT_PREFIX_set=
ac_cv_env_PERL_EXT_PREFIX_value=
ac_cv_env_PERL_EXT_SITEARCH_set=
ac_cv_env_PERL_EXT_SITEARCH_value=
ac_cv_env_PERL_EXT_SITELIB_set=
ac_cv_env_PERL_EXT_SITELIB_value=
ac_cv_env_PERL_EXT_SITEPREFIX_set=
ac_cv_env_PERL_EXT_SITEPREFIX_value=
ac_cv_env_PERL_EXT_VENDORARCH_set=
ac_cv_env_PERL_EXT_VENDORARCH_value=
ac_cv_env_PERL_EXT_VENDORLIB_set=
ac_cv_env_PERL_EXT_VENDORLIB_value=
ac_cv_env_PERL_EXT_VENDORPREFIX_set=
ac_cv_env_PERL_EXT_VENDORPREFIX_value=
ac_cv_env_PERL_SO_set=
ac_cv_env_PERL_SO_value=
ac_cv_env_PERL_set=
ac_cv_env_PERL_value=
ac_cv_env_PKG_CONFIG_LIBDIR_set=
ac_cv_env_PKG_CONFIG_LIBDIR_value=
ac_cv_env_PKG_CONFIG_PATH_set=
ac_cv_env_PKG_CONFIG_PATH_value=
ac_cv_env_PKG_CONFIG_set=
ac_cv_env_PKG_CONFIG_value=
ac_cv_env_PYTHON2_DIR_set=
ac_cv_env_PYTHON2_DIR_value=
ac_cv_env_PYTHON2_EXECDIR_set=
ac_cv_env_PYTHON2_EXECDIR_value=
ac_cv_env_PYTHON2_set=
ac_cv_env_PYTHON2_value=
ac_cv_env_PYTHON3_DIR_set=
ac_cv_env_PYTHON3_DIR_value=
ac_cv_env_PYTHON3_EXECDIR_set=
ac_cv_env_PYTHON3_EXECDIR_value=
ac_cv_env_PYTHON3_set=
ac_cv_env_PYTHON3_value=
ac_cv_env_USER_AR_set=
ac_cv_env_USER_AR_value=
ac_cv_env_USER_NM_set=
ac_cv_env_USER_NM_value=
ac_cv_env_USER_RANLIB_set=
ac_cv_env_USER_RANLIB_value=
ac_cv_env_build_alias_set=
ac_cv_env_build_alias_value=
ac_cv_env_host_alias_set=
ac_cv_env_host_alias_value=
ac_cv_env_target_alias_set=
ac_cv_env_target_alias_value=
ac_cv_func_erand48=yes
ac_cv_func_floor=yes
ac_cv_func_malloc_0_nonnull=yes
ac_cv_func_memmove=yes
ac_cv_func_memset=yes
ac_cv_func_pow=yes
ac_cv_func_realloc_0_nonnull=yes
ac_cv_func_rint=yes
ac_cv_func_sqrt=yes
ac_cv_func_strchr=yes
ac_cv_func_strdup=yes
ac_cv_func_strrchr=yes
ac_cv_func_strstr=yes
ac_cv_func_strtod=yes
ac_cv_func_strtol=yes
ac_cv_func_strtoul=yes
ac_cv_header_dlfcn_h=yes
ac_cv_header_float_h=yes
ac_cv_header_inttypes_h=yes
ac_cv_header_limits_h=yes
ac_cv_header_malloc_h=yes
ac_cv_header_math_h=yes
ac_cv_header_memory_h=yes
ac_cv_header_stdbool_h=yes
ac_cv_header_stdc=yes
ac_cv_header_stdint_h=yes
ac_cv_header_stdlib_h=yes
ac_cv_header_string_h=yes
ac_cv_header_strings_h=yes
ac_cv_header_sys_stat_h=yes
ac_cv_header_sys_types_h=yes
ac_cv_header_unistd_h=yes
ac_cv_host=x86_64-unknown-linux-gnu
ac_cv_lib_gsl_gsl_blas_dgemm=yes
ac_cv_lib_gslcblas_cblas_dgemm=yes
ac_cv_lib_m_exp=yes
ac_cv_objext=o
ac_cv_path_EGREP='/bin/grep -E'
ac_cv_path_FGREP='/bin/grep -F'
ac_cv_path_GREP=/bin/grep
ac_cv_path_PERL=/usr/bin/perl
ac_cv_path_SED=/bin/sed
ac_cv_path_SWIG=/usr/bin/swig
ac_cv_path_ac_pt_PKG_CONFIG=/usr/bin/pkg-config
ac_cv_path_dot=/usr/bin/dot
ac_cv_path_doxygen=/usr/bin/doxygen
ac_cv_path_egrep=/bin/egrep
ac_cv_path_install='/usr/bin/install -c'
ac_cv_path_latex=/usr/bin/latex
ac_cv_path_lt_DD=/bin/dd
ac_cv_path_makeindex=/usr/bin/makeindex
ac_cv_path_mkdir=/bin/mkdir
ac_cv_path_pdflatex=/usr/bin/pdflatex
ac_cv_path_perl=/usr/bin/perl
ac_cv_prog_AWK=gawk
ac_cv_prog_CPP='gcc -E'
ac_cv_prog_CXXCPP='g++ -E'
ac_cv_prog_ac_ct_AR=ar
ac_cv_prog_ac_ct_CC=gcc
ac_cv_prog_ac_ct_CXX=g++
ac_cv_prog_ac_ct_OBJDUMP=objdump
ac_cv_prog_ac_ct_RANLIB=ranlib
ac_cv_prog_ac_ct_STRIP=strip
ac_cv_prog_c_openmp=-fopenmp
ac_cv_prog_cc_c89=
ac_cv_prog_cc_g=yes
ac_cv_prog_cxx_g=yes
ac_cv_prog_make_make_set=yes
ac_cv_type__Bool=yes
ac_cv_type_size_t=yes
am_cv_CC_dependencies_compiler_type=gcc3
am_cv_CXX_dependencies_compiler_type=gcc3
am_cv_ar_interface=ar
am_cv_make_support_nested_variables=yes
am_cv_prog_cc_c_o=yes
ax_cv_c_compiler_vendor=gnu
ax_cv_check_cflags___flto=no
lt_cv_ar_at_file=@
lt_cv_archive_cmds_need_lc=no
lt_cv_deplibs_check_method=pass_all
lt_cv_file_magic_cmd='$MAGIC_CMD'
lt_cv_file_magic_test_file=
lt_cv_ld_reload_flag=-r
lt_cv_nm_interface='BSD nm'
lt_cv_objdir=.libs
lt_cv_path_LD=/usr/bin/ld
lt_cv_path_LDCXX='/usr/bin/ld -m elf_x86_64'
lt_cv_path_NM='/usr/bin/nm -B'
lt_cv_path_mainfest_tool=no
lt_cv_prog_compiler_c_o=yes
lt_cv_prog_compiler_c_o_CXX=yes
lt_cv_prog_compiler_pic='-fPIC -DPIC'
lt_cv_prog_compiler_pic_CXX='-fPIC -DPIC'
lt_cv_prog_compiler_pic_works=yes
lt_cv_prog_compiler_pic_works_CXX=yes
lt_cv_prog_compiler_rtti_exceptions=no
lt_cv_prog_compiler_static_works=yes
lt_cv_prog_compiler_static_works_CXX=yes
lt_cv_prog_gnu_ld=yes
lt_cv_prog_gnu_ldcxx=yes
lt_cv_sharedlib_from_linklib_cmd='printf %s\n'
lt_cv_shlibpath_overrides_runpath=no
lt_cv_sys_global_symbol_pipe='sed -n -e '\''s/^.*[	 ]\([ABCDGIRSTW][ABCDGIRSTW]*\)[	 ][	 ]*\([_A-Za-z][_A-Za-z0-9]*\)$/\1 \2 \2/p'\'' | sed '\''/ __gnu_lto/d'\'''
lt_cv_sys_global_symbol_to_c_name_address='sed -n -e '\''s/^: \(.*\) .*$/  {"\1", (void *) 0},/p'\'' -e '\''s/^[ABCDGIRSTW][ABCDGIRSTW]* .* \(.*\)$/  {"\1", (void *) \&\1},/p'\'''
lt_cv_sys_global_symbol_to_c_name_address_lib_prefix='sed -n -e '\''s/^: \(.*\) .*$/  {"\1", (void *) 0},/p'\'' -e '\''s/^[ABCDGIRSTW][ABCDGIRSTW]* .* \(lib.*\)$/  {"\1", (void *) \&\1},/p'\'' -e '\''s/^[ABCDGIRSTW][ABCDGIRSTW]* .* \(.*\)$/  {"lib\1", (void *) \&\1},/p'\'''
lt_cv_sys_global_symbol_to_cdecl='sed -n -e '\''s/^T .* \(.*\)$/extern int \1();/p'\'' -e '\''s/^[ABCDGIRSTW][ABCDGIRSTW]* .* \(.*\)$/extern char \1;/p'\'''
lt_cv_sys_global_symbol_to_import=
lt_cv_sys_max_cmd_len=1966080
lt_cv_to_host_file_cmd=func_convert_file_noop
lt_cv_to_tool_file_cmd=func_convert_file_noop
lt_cv_truncate_bin='/bin/dd bs=4096 count=1'
pkg_cv_CHECK_CFLAGS=' '
pkg_cv_CHECK_LIBS='-lcheck  '

## ----------------- ##
## Output variables. ##
## ----------------- ##

ACLOCAL='${SHELL} /home/nsloat/swellix/bwbuild/ViennaRNA-2.2.5/config/missing aclocal-1.15'
AMDEPBACKSLASH='\'
AMDEP_FALSE='#'
AMDEP_TRUE=''
AMTAR='$${TAR-tar}'
AM_BACKSLASH='\'
AM_CFLAGS=''
AM_CPPFLAGS=''
AM_CXXFLAGS=''
AM_DEFAULT_V='$(AM_DEFAULT_VERBOSITY)'
AM_DEFAULT_VERBOSITY='0'
AM_LDFLAGS=''
AM_V='$(V)'
AR='ar'
AUTOCONF='${SHELL} /home/nsloat/swellix/bwbuild/ViennaRNA-2.2.5/config/missing autoconf'
AUTOHEADER='${SHELL} /home/nsloat/swellix/bwbuild/ViennaRNA-2.2.5/config/missing autoheader'
AUTOMAKE='${SHELL} /home/nsloat/swellix/bwbuild/ViennaRNA-2.2.5/config/missing automake-1.15'
AWK='gawk'
CC='gcc'
CCDEPMODE='depmode=gcc3'
CFLAGS='-g -O2'
CHECK_CFLAGS=' '
CHECK_LIBS='-lcheck  '
CLUSTER_DIR=''
CPP='gcc -E'
CPPFLAGS=''
CXX='g++'
CXXCPP='g++ -E'
CXXDEPMODE='depmode=gcc3'
CXXFLAGS='-g -O2'
CYGPATH_W='echo'
DEFS='-DHAVE_CONFIG_H'
DEPDIR='.deps'
DEPRECATION_WARNING=''
DLLTOOL='false'
DOXYGEN_CMD_LATEX=''
DOXYGEN_CMD_MAKEINDEX=''
DOXYGEN_CONF=''
DOXYGEN_DOCDIR=''
DOXYGEN_GENERATE_HTML=''
DOXYGEN_GENERATE_LATEX=''
DOXYGEN_HAVE_DOT=''
DOXYGEN_PROJECT_NAME=''
DOXYGEN_SRCDIR=''
DOXYGEN_WITH_PDFLATEX=''
DSYMUTIL=''
DUMPBIN=''
ECHO_C=''
ECHO_N='-n'
ECHO_T=''
EGREP='/bin/grep -E'
EXEEXT=''
FGREP='/bin/grep -F'
FLOAT_PF_FLAG=''
GENERIC_HC_DEF=''
GREP='/bin/grep'
HDIUTIL=''
INSTALL_DATA='${INSTALL} -m 644'
INSTALL_PROGRAM='${INSTALL}'
INSTALL_SCRIPT='${INSTALL}'
INSTALL_STRIP_PROGRAM='$(install_sh) -c -s'
ISODATE='2016-06-12'
LD='/usr/bin/ld -m elf_x86_64'
LDFLAGS=''
LIBGOMPFLAG='-lgomp'
LIBOBJS=''
LIBS='-lgsl -lgslcblas -lm '
LIBSVM_DIR='libsvm-3.20'
LIBTOOL='$(SHELL) $(top_builddir)/libtool'
LIBTOOL_DEPS='config/ltmain.sh'
LIPO=''
LN_S='ln -s'
LTLIBOBJS=''
LTO_FLAGS=''
LTO_LDFLAGS=''
LT_SYS_LIBRARY_PATH=''
MACOSX_INSTALLER=''
MAKEINFO='${SHELL} /home/nsloat/swellix/bwbuild/ViennaRNA-2.2.5/config/missing makeinfo'
MAKE_CLUSTER_FALSE=''
MAKE_CLUSTER_TRUE='#'
MAKE_FORESTER_FALSE=''
MAKE_FORESTER_TRUE='#'
MAKE_KINFOLD_FALSE=''
MAKE_KINFOLD_TRUE='#'
MANIFEST_TOOL=':'
MKDIR_P='/bin/mkdir -p'
NM='/usr/bin/nm -B'
NMEDIT=''
OBJDUMP='objdump'
OBJEXT='o'
OPENMP_CFLAGS='-fopenmp'
OTOOL64=''
OTOOL=''
OUR_AR=''
OUR_NM=''
OUR_RANLIB=''
PACKAGE='ViennaRNA'
PACKAGE_BUGREPORT='rna@tbi.univie.ac.at'
PACKAGE_NAME='ViennaRNA'
PACKAGE_STRING='ViennaRNA 2.2.5'
PACKAGE_TARNAME='ViennaRNA'
PACKAGE_URL='http://www.tbi.univie.ac.at/RNA'
PACKAGE_VERSION='2.2.5'
PATH_SEPARATOR=':'
PERL='/usr/bin/perl'
PERLXS_CFLAGS=''
PERLXS_LDFLAGS=''
PERL_ARCH_RELATIVE_INSTALL_DIR=''
PERL_EXT_CPPFLAGS=''
PERL_EXT_INC=''
PERL_EXT_LDFLAGS=''
PERL_EXT_LIB=''
PERL_EXT_PREFIX=''
PERL_EXT_SITEARCH=''
PERL_EXT_SITELIB=''
PERL_EXT_SITEPREFIX=''
PERL_EXT_VENDORARCH=''
PERL_EXT_VENDORLIB=''
PERL_EXT_VENDORPREFIX=''
PERL_INTERFACE=''
PERL_LIB_RELATIVE_INSTALL_DIR=''
PERL_SO=''
PKGBUILD=''
PKGPYEXEC2DIR=''
PKGPYTHON2DIR=''
PKG_CONFIG='/usr/bin/pkg-config'
PKG_CONFIG_LIBDIR=''
PKG_CONFIG_PATH=''
POW_LIB=''
PRODUCTBUILD=''
PYEXEC2DIR=''
PYTHON2=''
PYTHON2DIR=''
PYTHON2_CFLAGS=''
PYTHON2_CONFIG=''
PYTHON2_DIR=''
PYTHON2_EXECDIR=''
PYTHON2_INCLUDES=''
PYTHON2_INTERFACE=''
PYTHON2_LIBS=''
PYTHON2_SO=''
PYTHON3=''
PYTHON3_CACHE_OPT1_EXT=''
PYTHON3_CACHE_TAG=''
PYTHON3_CFLAGS=''
PYTHON3_CONFIG=''
PYTHON3_DIR=''
PYTHON3_EXECDIR=''
PYTHON3_INCLUDES=''
PYTHON3_INTERFACE=''
PYTHON3_LIBS=''
PYTHON3_SO=''
RANLIB='ranlib'
REFERENCE_MANUAL_PDF_NAME='.pdf'
REFERENCE_MANUAL_TAGFILE='.tag'
SED='/bin/sed'
SET_MAKE=''
SHELL='/bin/sh'
STRIP='strip'
SWIG=''
SWIG_LIB=''
USER_AR=''
USER_NM=''
USER_RANLIB=''
VERSION='2.2.5'
VRNA_CFLAGS=' -I$(top_srcdir)/../../src/ViennaRNA -I$(top_srcdir)/../../src   '
VRNA_LIBS=' -L$(top_builddir)/../../src/ViennaRNA -lRNA -lgomp '
WITH_CHECK_FALSE='#'
WITH_CHECK_TRUE=''
WITH_FLOAT_PF=''
WITH_GSL_FALSE='#'
WITH_GSL_TRUE=''
WITH_JSON='WITH_JSON_SUPPORT'
WITH_JSON_FALSE='#'
WITH_JSON_TRUE=''
WITH_LIBSVM_FALSE='#'
WITH_LIBSVM_TRUE=''
WITH_LTO_FALSE=''
WITH_LTO_TRUE='#'
WITH_MACOSX_INSTALLER_FALSE=''
WITH_MACOSX_INSTALLER_TRUE='#'
WITH_PERL_TESTS_FALSE=''
WITH_PERL_TESTS_TRUE='#'
WITH_PYTHON3_TESTS_FALSE=''
WITH_PYTHON3_TESTS_TRUE='#'
WITH_PYTHON_TESTS_FALSE=''
WITH_PYTHON_TESTS_TRUE='#'
WITH_REFERENCE_MANUAL_BUILD_FALSE='#'
WITH_REFERENCE_MANUAL_BUILD_TRUE=''
WITH_REFERENCE_MANUAL_FALSE=''
WITH_REFERENCE_MANUAL_HTML_FALSE=''
WITH_REFERENCE_MANUAL_HTML_TRUE='#'
WITH_REFERENCE_MANUAL_PDF_FALSE=''
WITH_REFERENCE_MANUAL_PDF_TRUE='#'
WITH_REFERENCE_MANUAL_TRUE='#'
WITH_SVM='USE_SVM'
WITH_UNIT_TESTS_FALSE='#'
WITH_UNIT_TESTS_TRUE=''
ac_ct_AR='ar'
ac_ct_CC='gcc'
ac_ct_CXX='g++'
ac_ct_DUMPBIN=''
am__EXEEXT_FALSE=''
am__EXEEXT_TRUE='#'
am__fastdepCC_FALSE='#'
am__fastdepCC_TRUE=''
am__fastdepCXX_FALSE='#'
am__fastdepCXX_TRUE=''
am__include='include'
am__isrc=''
am__leading_dot='.'
am__nodep='_no'
am__quote=''
am__tar='$${TAR-tar} chof - "$$tardir"'
am__untar='$${TAR-tar} xf -'
bindir='${exec_prefix}/bin'
build='x86_64-unknown-linux-gnu'
build_alias=''
build_cpu='x86_64'
build_os='linux-gnu'
build_vendor='unknown'
datadir='${datarootdir}'
datarootdir='${prefix}/share'
docdir='${datarootdir}/doc/${PACKAGE_TARNAME}'
dot='/usr/bin/dot'
doxygen='/usr/bin/doxygen'
dvidir='${docdir}'
egrep='/bin/egrep'
exec_prefix='${prefix}'
host='x86_64-unknown-linux-gnu'
host_alias=''
host_cpu='x86_64'
host_os='linux-gnu'
host_vendor='unknown'
htmldir='${datarootdir}/doc/${PACKAGE_TARNAME}/html'
includedir='${prefix}/include'
infodir='${datarootdir}/info'
install_sh='${SHELL} /home/nsloat/swellix/bwbuild/ViennaRNA-2.2.5/config/install-sh'
latex='/usr/bin/latex'
libdir='${exec_prefix}/lib'
libexecdir='${exec_prefix}/libexec'
localedir='${datarootdir}/locale'
localstatedir='${prefix}/var'
makeindex='/usr/bin/makeindex'
mandir='${datarootdir}/man'
mkdir_p='$(MKDIR_P)'
oldincludedir='/usr/include'
pdfdir='${docdir}'
pdflatex='/usr/bin/pdflatex'
perl='/usr/bin/perl'
prefix='/home/nsloat/swellix/bwbuild/viennabuild'
program_transform_name='s,x,x,'
psdir='${docdir}'
py2execdir=''
py3execdir=''
python2dir=''
python3dir=''
sbindir='${exec_prefix}/sbin'
sharedstatedir='${prefix}/com'
subdirs=' src/Kinwalker'
sysconfdir='${prefix}/etc'
target_alias=''

## ----------- ##
## confdefs.h. ##
## ----------- ##

/* confdefs.h */
#define PACKAGE_NAME "ViennaRNA"
#define PACKAGE_TARNAME "ViennaRNA"
#define PACKAGE_VERSION "2.2.5"
#define PACKAGE_STRING "ViennaRNA 2.2.5"
#define PACKAGE_BUGREPORT "rna@tbi.univie.ac.at"
#define PACKAGE_URL "http://www.tbi.univie.ac.at/RNA"
#define PACKAGE "ViennaRNA"
#define VERSION "2.2.5"
#define UNUSED __attribute__ ((unused))
#define STDC_HEADERS 1
#define HAVE_SYS_TYPES_H 1
#define HAVE_SYS_STAT_H 1
#define HAVE_STDLIB_H 1
#define HAVE_STRING_H 1
#define HAVE_MEMORY_H 1
#define HAVE_STRINGS_H 1
#define HAVE_INTTYPES_H 1
#define HAVE_STDINT_H 1
#define HAVE_UNISTD_H 1
#define HAVE_DLFCN_H 1
#define LT_OBJDIR ".libs/"
#define HAVE_LIBM 1
#define STDC_HEADERS 1
#define HAVE__BOOL 1
#define HAVE_STDBOOL_H 1
#define HAVE_MALLOC_H 1
#define HAVE_FLOAT_H 1
#define HAVE_LIMITS_H 1
#define HAVE_STDLIB_H 1
#define HAVE_STRING_H 1
#define HAVE_STRINGS_H 1
#define HAVE_UNISTD_H 1
#define HAVE_UNISTD_H 1
#define HAVE_MATH_H 1
#define HAVE_STDLIB_H 1
#define HAVE_MALLOC 1
#define HAVE_STDLIB_H 1
#define HAVE_REALLOC 1
#define HAVE_FLOOR 1
#define HAVE_STRDUP 1
#define HAVE_STRSTR 1
#define HAVE_STRCHR 1
#define HAVE_STRRCHR 1
#define HAVE_STRSTR 1
#define HAVE_STRTOL 1
#define HAVE_STRTOUL 1
#define HAVE_POW 1
#define HAVE_RINT 1
#define HAVE_SQRT 1
#define HAVE_ERAND48 1
#define HAVE_MEMSET 1
#define HAVE_MEMMOVE 1
#define HAVE_ERAND48 1
#define USE_SVM 1
#define WITH_JSON_SUPPORT 1
#define HAVE_LIBGSLCBLAS 1
#define HAVE_LIBGSL 1
#define WITH_GSL 1
#define WITH_BOUSTROPHEDON 1
#define WITH_CHECK 1

configure: exit 0
