This file contains any messages produced by compilers while
running configure, to aid debugging if configure makes a mistake.

It was created by kinwalker configure 2.0, which was
generated by GNU Autoconf 2.69.  Invocation command line was

  $ ./configure --disable-option-checking --prefix=/home/nsloat/swellix/swellix/viennabuild --without-kinfold --without-forester --without-kinwalker --without-perl --without-python --without-doc --without-doc-html --without-doc-pdf CC=gcc CXX=g++ CFLAGS=-g -O2 -flto CXXFLAGS=-g -O2 -flto LDFLAGS=-flto AR=gcc-ar RANLIB=gcc-ranlib NM=gcc-nm VRNA_CFLAGS=-I$(top_srcdir)/../../src/ViennaRNA -I$(top_srcdir)/../../src VRNA_LIBS=-L$(top_builddir)/../../src/ViennaRNA -lRNA -lgomp -flto --cache-file=/dev/null --srcdir=.

## --------- ##
## Platform. ##
## --------- ##

hostname = schooner1.oscer.ou.edu
uname -m = x86_64
uname -r = 3.10.0-229.14.1.el7.x86_64
uname -s = Linux
uname -v = #1 SMP Tue Sep 15 15:05:51 UTC 2015

/usr/bin/uname -p = x86_64
/bin/uname -X     = unknown

/bin/arch              = x86_64
/usr/bin/arch -k       = unknown
/usr/convex/getsysinfo = unknown
/usr/bin/hostinfo      = unknown
/bin/machine           = unknown
/usr/bin/oslevel       = unknown
/bin/universe          = unknown

PATH: /usr/lib64/qt-3.3/bin
PATH: /usr/local/bin
PATH: /usr/bin
PATH: /usr/local/sbin
PATH: /usr/sbin
PATH: /opt/ibutils/bin
PATH: /opt/dell/srvadmin/bin
PATH: /home/nsloat/.local/bin
PATH: /home/nsloat/bin


## ----------- ##
## Core tests. ##
## ----------- ##

configure:2134: checking for a BSD-compatible install
configure:2202: result: /usr/bin/install -c
configure:2213: checking whether build environment is sane
configure:2268: result: yes
configure:2419: checking for a thread-safe mkdir -p
configure:2458: result: /usr/bin/mkdir -p
configure:2465: checking for gawk
configure:2481: found /usr/bin/gawk
configure:2492: result: gawk
configure:2503: checking whether make sets $(MAKE)
configure:2525: result: yes
configure:2554: checking whether make supports nested variables
configure:2571: result: yes
configure:2821: checking for C++ compiler version
configure:2830: g++ --version >&5
g++ (GCC) 4.8.5 20150623 (Red Hat 4.8.5-4)
Copyright (C) 2015 Free Software Foundation, Inc.
This is free software; see the source for copying conditions.  There is NO
warranty; not even for MERCHANTABILITY or FITNESS FOR A PARTICULAR PURPOSE.

configure:2841: $? = 0
configure:2830: g++ -v >&5
Using built-in specs.
COLLECT_GCC=g++
COLLECT_LTO_WRAPPER=/usr/libexec/gcc/x86_64-redhat-linux/4.8.5/lto-wrapper
Target: x86_64-redhat-linux
Configured with: ../configure --prefix=/usr --mandir=/usr/share/man --infodir=/usr/share/info --with-bugurl=http://bugzilla.redhat.com/bugzilla --enable-bootstrap --enable-shared --enable-threads=posix --enable-checking=release --with-system-zlib --enable-__cxa_atexit --disable-libunwind-exceptions --enable-gnu-unique-object --enable-linker-build-id --with-linker-hash-style=gnu --enable-languages=c,c++,objc,obj-c++,java,fortran,ada,go,lto --enable-plugin --enable-initfini-array --disable-libgcj --with-isl=/builddir/build/BUILD/gcc-4.8.5-20150702/obj-x86_64-redhat-linux/isl-install --with-cloog=/builddir/build/BUILD/gcc-4.8.5-20150702/obj-x86_64-redhat-linux/cloog-install --enable-gnu-indirect-function --with-tune=generic --with-arch_32=x86-64 --build=x86_64-redhat-linux
Thread model: posix
gcc version 4.8.5 20150623 (Red Hat 4.8.5-4) (GCC) 
configure:2841: $? = 0
configure:2830: g++ -V >&5
g++: error: unrecognized command line option '-V'
g++: fatal error: no input files
compilation terminated.
configure:2841: $? = 4
configure:2830: g++ -qversion >&5
g++: error: unrecognized command line option '-qversion'
g++: fatal error: no input files
compilation terminated.
configure:2841: $? = 4
configure:2861: checking whether the C++ compiler works
configure:2883: g++ -g -O2 -flto  -flto conftest.cpp  >&5
configure:2887: $? = 0
configure:2935: result: yes
configure:2938: checking for C++ compiler default output file name
configure:2940: result: a.out
configure:2946: checking for suffix of executables
configure:2953: g++ -o conftest -g -O2 -flto  -flto conftest.cpp  >&5
configure:2957: $? = 0
configure:2979: result: 
configure:3001: checking whether we are cross compiling
configure:3009: g++ -o conftest -g -O2 -flto  -flto conftest.cpp  >&5
configure:3013: $? = 0
configure:3020: ./conftest
configure:3024: $? = 0
configure:3039: result: no
configure:3044: checking for suffix of object files
configure:3066: g++ -c -g -O2 -flto  conftest.cpp >&5
configure:3070: $? = 0
configure:3091: result: o
configure:3095: checking whether we are using the GNU C++ compiler
configure:3114: g++ -c -g -O2 -flto  conftest.cpp >&5
configure:3114: $? = 0
configure:3123: result: yes
configure:3132: checking whether g++ accepts -g
configure:3152: g++ -c -g  conftest.cpp >&5
configure:3152: $? = 0
configure:3193: result: yes
configure:3227: checking for style of include used by make
configure:3255: result: GNU
configure:3281: checking dependency style of g++
configure:3392: result: gcc3
configure:3455: checking for gcc
configure:3482: result: gcc
configure:3711: checking for C compiler version
configure:3720: gcc --version >&5
gcc (GCC) 4.8.5 20150623 (Red Hat 4.8.5-4)
Copyright (C) 2015 Free Software Foundation, Inc.
This is free software; see the source for copying conditions.  There is NO
warranty; not even for MERCHANTABILITY or FITNESS FOR A PARTICULAR PURPOSE.

configure:3731: $? = 0
configure:3720: gcc -v >&5
Using built-in specs.
COLLECT_GCC=gcc
COLLECT_LTO_WRAPPER=/usr/libexec/gcc/x86_64-redhat-linux/4.8.5/lto-wrapper
Target: x86_64-redhat-linux
Configured with: ../configure --prefix=/usr --mandir=/usr/share/man --infodir=/usr/share/info --with-bugurl=http://bugzilla.redhat.com/bugzilla --enable-bootstrap --enable-shared --enable-threads=posix --enable-checking=release --with-system-zlib --enable-__cxa_atexit --disable-libunwind-exceptions --enable-gnu-unique-object --enable-linker-build-id --with-linker-hash-style=gnu --enable-languages=c,c++,objc,obj-c++,java,fortran,ada,go,lto --enable-plugin --enable-initfini-array --disable-libgcj --with-isl=/builddir/build/BUILD/gcc-4.8.5-20150702/obj-x86_64-redhat-linux/isl-install --with-cloog=/builddir/build/BUILD/gcc-4.8.5-20150702/obj-x86_64-redhat-linux/cloog-install --enable-gnu-indirect-function --with-tune=generic --with-arch_32=x86-64 --build=x86_64-redhat-linux
Thread model: posix
gcc version 4.8.5 20150623 (Red Hat 4.8.5-4) (GCC) 
configure:3731: $? = 0
configure:3720: gcc -V >&5
gcc: error: unrecognized command line option '-V'
gcc: fatal error: no input files
compilation terminated.
configure:3731: $? = 4
configure:3720: gcc -qversion >&5
gcc: error: unrecognized command line option '-qversion'
gcc: fatal error: no input files
compilation terminated.
configure:3731: $? = 4
configure:3735: checking whether we are using the GNU C compiler
configure:3754: gcc -c -g -O2 -flto  conftest.c >&5
configure:3754: $? = 0
configure:3763: result: yes
configure:3772: checking whether gcc accepts -g
configure:3792: gcc -c -g  conftest.c >&5
configure:3792: $? = 0
configure:3833: result: yes
configure:3850: checking for gcc option to accept ISO C89
configure:3913: gcc  -c -g -O2 -flto  conftest.c >&5
configure:3913: $? = 0
configure:3926: result: none needed
configure:3951: checking whether gcc understands -c and -o together
configure:3973: gcc -c conftest.c -o conftest2.o
configure:3976: $? = 0
configure:3973: gcc -c conftest.c -o conftest2.o
configure:3976: $? = 0
configure:3988: result: yes
configure:4007: checking dependency style of gcc
configure:4118: result: gcc3
configure:4147: checking how to run the C preprocessor
configure:4178: gcc -E  conftest.c
configure:4178: $? = 0
configure:4192: gcc -E  conftest.c
conftest.c:12:28: fatal error: ac_nonexistent.h: No such file or directory
 #include <ac_nonexistent.h>
                            ^
compilation terminated.
configure:4192: $? = 1
configure: failed program was:
| /* confdefs.h */
| #define PACKAGE_NAME "kinwalker"
| #define PACKAGE_TARNAME "kinwalker"
| #define PACKAGE_VERSION "2.0"
| #define PACKAGE_STRING "kinwalker 2.0"
| #define PACKAGE_BUGREPORT ""
| #define PACKAGE_URL ""
| #define PACKAGE "kinwalker"
| #define VERSION "2.0"
| #define UNUSED /**/
| /* end confdefs.h.  */
| #include <ac_nonexistent.h>
configure:4217: result: gcc -E
configure:4237: gcc -E  conftest.c
configure:4237: $? = 0
configure:4251: gcc -E  conftest.c
conftest.c:12:28: fatal error: ac_nonexistent.h: No such file or directory
 #include <ac_nonexistent.h>
                            ^
compilation terminated.
configure:4251: $? = 1
configure: failed program was:
| /* confdefs.h */
| #define PACKAGE_NAME "kinwalker"
| #define PACKAGE_TARNAME "kinwalker"
| #define PACKAGE_VERSION "2.0"
| #define PACKAGE_STRING "kinwalker 2.0"
| #define PACKAGE_BUGREPORT ""
| #define PACKAGE_URL ""
| #define PACKAGE "kinwalker"
| #define VERSION "2.0"
| #define UNUSED /**/
| /* end confdefs.h.  */
| #include <ac_nonexistent.h>
configure:4280: checking for grep that handles long lines and -e
configure:4338: result: /usr/bin/grep
configure:4343: checking for egrep
configure:4405: result: /usr/bin/grep -E
configure:4410: checking for ANSI C header files
configure:4430: gcc -c -g -O2 -flto  conftest.c >&5
configure:4430: $? = 0
configure:4503: gcc -o conftest -g -O2 -flto  -flto conftest.c  >&5
configure:4503: $? = 0
configure:4503: ./conftest
configure:4503: $? = 0
configure:4514: result: yes
configure:4527: checking for sys/types.h
configure:4527: gcc -c -g -O2 -flto  conftest.c >&5
configure:4527: $? = 0
configure:4527: result: yes
configure:4527: checking for sys/stat.h
configure:4527: gcc -c -g -O2 -flto  conftest.c >&5
configure:4527: $? = 0
configure:4527: result: yes
configure:4527: checking for stdlib.h
configure:4527: gcc -c -g -O2 -flto  conftest.c >&5
configure:4527: $? = 0
configure:4527: result: yes
configure:4527: checking for string.h
configure:4527: gcc -c -g -O2 -flto  conftest.c >&5
configure:4527: $? = 0
configure:4527: result: yes
configure:4527: checking for memory.h
configure:4527: gcc -c -g -O2 -flto  conftest.c >&5
configure:4527: $? = 0
configure:4527: result: yes
configure:4527: checking for strings.h
configure:4527: gcc -c -g -O2 -flto  conftest.c >&5
configure:4527: $? = 0
configure:4527: result: yes
configure:4527: checking for inttypes.h
configure:4527: gcc -c -g -O2 -flto  conftest.c >&5
configure:4527: $? = 0
configure:4527: result: yes
configure:4527: checking for stdint.h
configure:4527: gcc -c -g -O2 -flto  conftest.c >&5
configure:4527: $? = 0
configure:4527: result: yes
configure:4527: checking for unistd.h
configure:4527: gcc -c -g -O2 -flto  conftest.c >&5
configure:4527: $? = 0
configure:4527: result: yes
configure:4542: checking malloc.h usability
configure:4542: gcc -c -g -O2 -flto  conftest.c >&5
configure:4542: $? = 0
configure:4542: result: yes
configure:4542: checking malloc.h presence
configure:4542: gcc -E  conftest.c
configure:4542: $? = 0
configure:4542: result: yes
configure:4542: checking for malloc.h
configure:4542: result: yes
configure:4542: checking for strings.h
configure:4542: result: yes
configure:4542: checking for unistd.h
configure:4542: result: yes
configure:4552: checking for inline
configure:4568: gcc -c -g -O2 -flto  conftest.c >&5
configure:4568: $? = 0
configure:4576: result: inline
configure:4654: checking for pkg-config
configure:4672: found /usr/bin/pkg-config
configure:4684: result: /usr/bin/pkg-config
configure:4709: checking pkg-config is at least version 0.9.0
configure:4712: result: yes
configure:4722: checking for VRNA
configure:4807: result: yes
configure:4924: checking that generated files are newer than configure
configure:4930: result: done
configure:4957: creating ./config.status

## ---------------------- ##
## Running config.status. ##
## ---------------------- ##

This file was extended by kinwalker config.status 2.0, which was
generated by GNU Autoconf 2.69.  Invocation command line was

  CONFIG_FILES    = 
  CONFIG_HEADERS  = 
  CONFIG_LINKS    = 
  CONFIG_COMMANDS = 
  $ ./config.status 

on schooner1.oscer.ou.edu

config.status:869: creating Makefile
config.status:869: creating man/Makefile
config.status:869: creating config.h
config.status:1098: executing depfiles commands

## ---------------- ##
## Cache variables. ##
## ---------------- ##

ac_cv_c_compiler_gnu=yes
ac_cv_c_inline=inline
ac_cv_cxx_compiler_gnu=yes
ac_cv_env_CCC_set=
ac_cv_env_CCC_value=
ac_cv_env_CC_set=set
ac_cv_env_CC_value=gcc
ac_cv_env_CFLAGS_set=set
ac_cv_env_CFLAGS_value='-g -O2 -flto'
ac_cv_env_CPPFLAGS_set=
ac_cv_env_CPPFLAGS_value=
ac_cv_env_CPP_set=
ac_cv_env_CPP_value=
ac_cv_env_CXXFLAGS_set=set
ac_cv_env_CXXFLAGS_value='-g -O2 -flto'
ac_cv_env_CXX_set=set
ac_cv_env_CXX_value=g++
ac_cv_env_LDFLAGS_set=set
ac_cv_env_LDFLAGS_value=-flto
ac_cv_env_LIBS_set=
ac_cv_env_LIBS_value=
ac_cv_env_PKG_CONFIG_LIBDIR_set=
ac_cv_env_PKG_CONFIG_LIBDIR_value=
ac_cv_env_PKG_CONFIG_PATH_set=
ac_cv_env_PKG_CONFIG_PATH_value=
ac_cv_env_PKG_CONFIG_set=
ac_cv_env_PKG_CONFIG_value=
ac_cv_env_VRNA_CFLAGS_set=set
ac_cv_env_VRNA_CFLAGS_value='-I$(top_srcdir)/../../src/ViennaRNA -I$(top_srcdir)/../../src'
ac_cv_env_VRNA_LIBS_set=set
ac_cv_env_VRNA_LIBS_value='-L$(top_builddir)/../../src/ViennaRNA -lRNA -lgomp -flto'
ac_cv_env_build_alias_set=
ac_cv_env_build_alias_value=
ac_cv_env_host_alias_set=
ac_cv_env_host_alias_value=
ac_cv_env_target_alias_set=
ac_cv_env_target_alias_value=
ac_cv_header_inttypes_h=yes
ac_cv_header_malloc_h=yes
ac_cv_header_memory_h=yes
ac_cv_header_stdc=yes
ac_cv_header_stdint_h=yes
ac_cv_header_stdlib_h=yes
ac_cv_header_string_h=yes
ac_cv_header_strings_h=yes
ac_cv_header_sys_stat_h=yes
ac_cv_header_sys_types_h=yes
ac_cv_header_unistd_h=yes
ac_cv_objext=o
ac_cv_path_EGREP='/usr/bin/grep -E'
ac_cv_path_GREP=/usr/bin/grep
ac_cv_path_ac_pt_PKG_CONFIG=/usr/bin/pkg-config
ac_cv_path_install='/usr/bin/install -c'
ac_cv_path_mkdir=/usr/bin/mkdir
ac_cv_prog_AWK=gawk
ac_cv_prog_CPP='gcc -E'
ac_cv_prog_ac_ct_CC=gcc
ac_cv_prog_cc_c89=
ac_cv_prog_cc_g=yes
ac_cv_prog_cxx_g=yes
ac_cv_prog_make_make_set=yes
am_cv_CC_dependencies_compiler_type=gcc3
am_cv_CXX_dependencies_compiler_type=gcc3
am_cv_make_support_nested_variables=yes
am_cv_prog_cc_c_o=yes
pkg_cv_VRNA_CFLAGS='-I$(top_srcdir)/../../src/ViennaRNA -I$(top_srcdir)/../../src'
pkg_cv_VRNA_LIBS='-L$(top_builddir)/../../src/ViennaRNA -lRNA -lgomp -flto'

## ----------------- ##
## Output variables. ##
## ----------------- ##

ACLOCAL='${SHELL} /home/nsloat/swellix/swellix/ViennaRNA-2.2.5/missing aclocal-1.15'
AMDEPBACKSLASH='\'
AMDEP_FALSE='#'
AMDEP_TRUE=''
AMTAR='$${TAR-tar}'
AM_BACKSLASH='\'
AM_DEFAULT_V='$(AM_DEFAULT_VERBOSITY)'
AM_DEFAULT_VERBOSITY='1'
AM_V='$(V)'
AUTOCONF='${SHELL} /home/nsloat/swellix/swellix/ViennaRNA-2.2.5/missing autoconf'
AUTOHEADER='${SHELL} /home/nsloat/swellix/swellix/ViennaRNA-2.2.5/missing autoheader'
AUTOMAKE='${SHELL} /home/nsloat/swellix/swellix/ViennaRNA-2.2.5/missing automake-1.15'
AWK='gawk'
CC='gcc'
CCDEPMODE='depmode=gcc3'
CFLAGS='-g -O2 -flto'
CPP='gcc -E'
CPPFLAGS=''
CXX='g++'
CXXDEPMODE='depmode=gcc3'
CXXFLAGS='-g -O2 -flto'
CYGPATH_W='echo'
DEFS='-DHAVE_CONFIG_H'
DEPDIR='.deps'
ECHO_C=''
ECHO_N='-n'
ECHO_T=''
EGREP='/usr/bin/grep -E'
EXEEXT=''
GREP='/usr/bin/grep'
INSTALL_DATA='${INSTALL} -m 644'
INSTALL_PROGRAM='${INSTALL}'
INSTALL_SCRIPT='${INSTALL}'
INSTALL_STRIP_PROGRAM='$(install_sh) -c -s'
ISODATE='2016-06-16'
LDFLAGS='-flto'
LIBOBJS=''
LIBS=''
LTLIBOBJS=''
MAKEINFO='${SHELL} /home/nsloat/swellix/swellix/ViennaRNA-2.2.5/missing makeinfo'
MKDIR_P='/usr/bin/mkdir -p'
OBJEXT='o'
PACKAGE='kinwalker'
PACKAGE_BUGREPORT=''
PACKAGE_NAME='kinwalker'
PACKAGE_STRING='kinwalker 2.0'
PACKAGE_TARNAME='kinwalker'
PACKAGE_URL=''
PACKAGE_VERSION='2.0'
PATH_SEPARATOR=':'
PKG_CONFIG='/usr/bin/pkg-config'
PKG_CONFIG_LIBDIR=''
PKG_CONFIG_PATH=''
SET_MAKE=''
SHELL='/bin/sh'
STRIP=''
VERSION='2.0'
VRNA_CFLAGS='-I$(top_srcdir)/../../src/ViennaRNA -I$(top_srcdir)/../../src'
VRNA_LIBS='-L$(top_builddir)/../../src/ViennaRNA -lRNA -lgomp -flto'
ac_ct_CC='gcc'
ac_ct_CXX=''
am__EXEEXT_FALSE=''
am__EXEEXT_TRUE='#'
am__fastdepCC_FALSE='#'
am__fastdepCC_TRUE=''
am__fastdepCXX_FALSE='#'
am__fastdepCXX_TRUE=''
am__include='include'
am__isrc=''
am__leading_dot='.'
am__nodep='_no'
am__quote=''
am__tar='$${TAR-tar} chof - "$$tardir"'
am__untar='$${TAR-tar} xf -'
bindir='${exec_prefix}/bin'
build_alias=''
datadir='${datarootdir}'
datarootdir='${prefix}/share'
docdir='${datarootdir}/doc/${PACKAGE_TARNAME}'
dvidir='${docdir}'
exec_prefix='${prefix}'
host_alias=''
htmldir='${docdir}'
includedir='${prefix}/include'
infodir='${datarootdir}/info'
install_sh='${SHELL} /home/nsloat/swellix/swellix/ViennaRNA-2.2.5/install-sh'
libdir='${exec_prefix}/lib'
libexecdir='${exec_prefix}/libexec'
localedir='${datarootdir}/locale'
localstatedir='${prefix}/var'
mandir='${datarootdir}/man'
mkdir_p='$(MKDIR_P)'
oldincludedir='/usr/include'
pdfdir='${docdir}'
prefix='/home/nsloat/swellix/swellix/viennabuild'
program_transform_name='s,x,x,'
psdir='${docdir}'
sbindir='${exec_prefix}/sbin'
sharedstatedir='${prefix}/com'
sysconfdir='${prefix}/etc'
target_alias=''

## ----------- ##
## confdefs.h. ##
## ----------- ##

/* confdefs.h */
#define PACKAGE_NAME "kinwalker"
#define PACKAGE_TARNAME "kinwalker"
#define PACKAGE_VERSION "2.0"
#define PACKAGE_STRING "kinwalker 2.0"
#define PACKAGE_BUGREPORT ""
#define PACKAGE_URL ""
#define PACKAGE "kinwalker"
#define VERSION "2.0"
#define UNUSED /**/
#define STDC_HEADERS 1
#define HAVE_SYS_TYPES_H 1
#define HAVE_SYS_STAT_H 1
#define HAVE_STDLIB_H 1
#define HAVE_STRING_H 1
#define HAVE_MEMORY_H 1
#define HAVE_STRINGS_H 1
#define HAVE_INTTYPES_H 1
#define HAVE_STDINT_H 1
#define HAVE_UNISTD_H 1
#define HAVE_MALLOC_H 1
#define HAVE_STRINGS_H 1
#define HAVE_UNISTD_H 1

configure: exit 0
